TN:
SF:src\app\HomePageClient.tsx
FN:14,HomePage
FNF:1
FNH:0
FNDA:0,HomePage
DA:1,0
DA:15,0
LF:2
LH:0
BRF:0
BRH:0
end_of_record
TN:
SF:src\app\error.tsx
FN:6,GlobalError
FN:13,(anonymous_1)
FNF:2
FNH:0
FNDA:0,GlobalError
FNDA:0,(anonymous_1)
DA:1,0
DA:13,0
DA:14,0
DA:17,0
LF:4
LH:0
BRF:0
BRH:0
end_of_record
TN:
SF:src\app\layout.tsx
FN:93,RootLayout
FNF:1
FNH:0
FNDA:0,RootLayout
DA:9,0
DA:15,0
DA:22,0
DA:23,0
DA:24,0
DA:25,0
DA:28,0
DA:30,0
DA:84,0
DA:91,0
DA:98,0
LF:11
LH:0
BRDA:78,0,0,0
BRDA:78,0,1,0
BRDA:81,1,0,0
BRDA:81,1,1,0
BRDA:123,2,0,0
BRDA:123,2,1,0
BRDA:123,3,0,0
BRDA:123,3,1,0
BRF:8
BRH:0
end_of_record
TN:
SF:src\app\manifest.ts
FN:3,manifest
FNF:1
FNH:0
FNDA:0,manifest
DA:4,0
LF:1
LH:0
BRF:0
BRH:0
end_of_record
TN:
SF:src\app\not-found.tsx
FN:3,NotFound
FNF:1
FNH:0
FNDA:0,NotFound
DA:4,0
LF:1
LH:0
BRF:0
BRH:0
end_of_record
TN:
SF:src\app\opengraph-image.tsx
FN:19,OgImage
FNF:1
FNH:0
FNDA:0,OgImage
DA:8,0
DA:9,0
DA:10,0
DA:11,0
DA:13,0
DA:14,0
DA:15,0
DA:16,0
DA:17,0
DA:20,0
LF:10
LH:0
BRF:0
BRH:0
end_of_record
TN:
SF:src\app\page.tsx
FNF:0
FNH:0
DA:6,0
LF:1
LH:0
BRF:0
BRH:0
end_of_record
TN:
SF:src\app\robots.ts
FN:6,robots
FNF:1
FNH:0
FNDA:0,robots
DA:4,0
DA:7,0
LF:2
LH:0
BRF:0
BRH:0
end_of_record
TN:
SF:src\app\sitemap.ts
FN:32,sitemap
FN:34,(anonymous_1)
FN:43,(anonymous_2)
FN:49,(anonymous_3)
FN:55,(anonymous_4)
FN:61,(anonymous_5)
FNF:6
FNH:0
FNDA:0,sitemap
FNDA:0,(anonymous_1)
FNDA:0,(anonymous_2)
FNDA:0,(anonymous_3)
FNDA:0,(anonymous_4)
FNDA:0,(anonymous_5)
DA:8,0
DA:16,0
DA:33,0
DA:34,0
DA:43,0
DA:49,0
DA:55,0
DA:61,0
LF:8
LH:0
BRDA:45,0,0,0
BRDA:45,0,1,0
BRDA:46,1,0,0
BRDA:46,1,1,0
BRDA:51,2,0,0
BRDA:51,2,1,0
BRF:6
BRH:0
end_of_record
TN:
SF:src\app\about\page.tsx
FN:12,AboutPage
FN:134,(anonymous_1)
FN:145,(anonymous_2)
FN:193,(anonymous_3)
FN:250,(anonymous_4)
FNF:5
FNH:0
FNDA:0,AboutPage
FNDA:0,(anonymous_1)
FNDA:0,(anonymous_2)
FNDA:0,(anonymous_3)
FNDA:0,(anonymous_4)
DA:5,0
DA:13,0
DA:135,0
DA:146,0
DA:194,0
DA:251,0
LF:6
LH:0
BRDA:135,0,0,0
BRDA:135,0,1,0
BRDA:198,1,0,0
BRDA:198,1,1,0
BRDA:199,2,0,0
BRDA:199,2,1,0
BRDA:200,3,0,0
BRDA:200,3,1,0
BRF:8
BRH:0
end_of_record
TN:
SF:src\app\advanced\AdvancedModePage.tsx
FN:52,(anonymous_0)
FN:54,AdvancedModePage
FN:70,(anonymous_2)
FN:84,(anonymous_3)
FN:92,(anonymous_4)
FN:107,(anonymous_5)
FN:108,(anonymous_6)
FN:110,(anonymous_7)
FN:120,(anonymous_8)
FN:121,(anonymous_9)
FN:122,(anonymous_10)
FN:123,(anonymous_11)
FN:124,(anonymous_12)
FN:125,(anonymous_13)
FN:126,(anonymous_14)
FN:131,(anonymous_15)
FN:156,(anonymous_16)
FN:188,handleCheckout
FN:189,(anonymous_18)
FN:259,(anonymous_19)
FN:268,(anonymous_20)
FN:271,(anonymous_21)
FN:272,(anonymous_22)
FN:293,(anonymous_23)
FN:332,(anonymous_24)
FN:340,(anonymous_25)
FN:372,(anonymous_26)
FN:372,(anonymous_27)
FN:373,(anonymous_28)
FN:373,(anonymous_29)
FNF:30
FNH:17
FNDA:21,(anonymous_0)
FNDA:19,AdvancedModePage
FNDA:6,(anonymous_2)
FNDA:16,(anonymous_3)
FNDA:3,(anonymous_4)
FNDA:42,(anonymous_5)
FNDA:6,(anonymous_6)
FNDA:6,(anonymous_7)
FNDA:6,(anonymous_8)
FNDA:6,(anonymous_9)
FNDA:6,(anonymous_10)
FNDA:6,(anonymous_11)
FNDA:6,(anonymous_12)
FNDA:6,(anonymous_13)
FNDA:6,(anonymous_14)
FNDA:6,(anonymous_15)
FNDA:0,(anonymous_16)
FNDA:0,handleCheckout
FNDA:0,(anonymous_18)
FNDA:0,(anonymous_19)
FNDA:0,(anonymous_20)
FNDA:0,(anonymous_21)
FNDA:0,(anonymous_22)
FNDA:1,(anonymous_23)
FNDA:0,(anonymous_24)
FNDA:0,(anonymous_25)
FNDA:0,(anonymous_26)
FNDA:0,(anonymous_27)
FNDA:0,(anonymous_28)
FNDA:0,(anonymous_29)
DA:1,1
DA:26,1
DA:41,1
DA:50,1
DA:52,21
DA:55,19
DA:56,19
DA:57,19
DA:58,19
DA:60,19
DA:68,19
DA:71,6
DA:85,16
DA:92,3
DA:101,19
DA:102,19
DA:103,19
DA:107,19
DA:108,42
DA:110,6
DA:120,19
DA:121,19
DA:122,19
DA:123,19
DA:124,19
DA:125,19
DA:126,19
DA:131,19
DA:132,6
DA:133,6
DA:134,6
DA:135,6
DA:136,6
DA:137,6
DA:138,6
DA:141,19
DA:144,19
DA:145,19
DA:146,19
DA:147,19
DA:148,19
DA:149,19
DA:150,19
DA:155,19
DA:156,19
DA:158,0
DA:159,0
DA:160,0
DA:161,0
DA:164,0
DA:167,0
DA:172,0
DA:173,0
DA:174,0
DA:175,0
DA:176,0
DA:182,19
DA:189,0
DA:190,0
DA:191,0
DA:193,0
DA:195,0
DA:197,0
DA:198,0
DA:199,0
DA:200,0
DA:202,0
DA:204,0
DA:205,0
DA:207,0
DA:209,0
DA:210,0
DA:214,0
DA:215,0
DA:216,0
DA:217,0
DA:218,0
DA:221,0
DA:223,0
DA:230,0
DA:231,0
DA:232,0
DA:233,0
DA:237,0
DA:242,19
DA:243,0
DA:254,19
DA:255,0
DA:259,0
DA:264,19
DA:268,0
DA:271,0
DA:274,0
DA:275,0
DA:294,1
DA:295,1
DA:332,0
DA:341,0
DA:342,0
DA:372,0
DA:373,0
LF:101
LH:51
BRDA:52,0,0,21
BRDA:52,0,1,0
BRDA:56,1,0,19
BRDA:56,1,1,17
BRDA:57,2,0,19
BRDA:57,2,1,17
BRDA:58,3,0,19
BRDA:58,3,1,19
BRDA:85,4,0,16
BRDA:85,4,1,7
BRDA:85,4,2,7
BRDA:85,4,3,7
BRDA:94,5,0,1
BRDA:94,5,1,2
BRDA:95,6,0,1
BRDA:95,6,1,2
BRDA:96,7,0,0
BRDA:96,7,1,3
BRDA:113,8,0,6
BRDA:113,8,1,0
BRDA:135,9,0,0
BRDA:135,9,1,6
BRDA:135,10,0,6
BRDA:135,10,1,0
BRDA:158,11,0,0
BRDA:158,11,1,0
BRDA:161,12,0,0
BRDA:161,12,1,0
BRDA:161,13,0,0
BRDA:161,13,1,0
BRDA:161,13,2,0
BRDA:173,14,0,0
BRDA:173,14,1,0
BRDA:175,15,0,0
BRDA:175,15,1,0
BRDA:195,16,0,0
BRDA:195,16,1,0
BRDA:198,17,0,0
BRDA:198,17,1,0
BRDA:200,18,0,0
BRDA:200,18,1,0
BRDA:200,19,0,0
BRDA:200,19,1,0
BRDA:204,20,0,0
BRDA:204,20,1,0
BRDA:215,21,0,0
BRDA:215,21,1,0
BRDA:230,22,0,0
BRDA:230,22,1,0
BRDA:242,23,0,0
BRDA:242,23,1,19
BRDA:242,24,0,19
BRDA:242,24,1,19
BRDA:254,25,0,0
BRDA:254,25,1,19
BRDA:266,26,0,19
BRDA:266,26,1,0
BRDA:287,27,0,19
BRDA:287,27,1,3
BRDA:290,28,0,3
BRDA:290,28,1,0
BRDA:320,29,0,19
BRDA:320,29,1,17
BRDA:325,30,0,19
BRDA:325,30,1,0
BRDA:330,31,0,19
BRDA:330,31,1,0
BRDA:335,32,0,19
BRDA:335,32,1,0
BRDA:347,33,0,19
BRDA:347,33,1,2
BRDA:360,34,0,19
BRDA:360,34,1,2
BRDA:360,34,2,0
BRDA:360,34,3,0
BRDA:375,35,0,19
BRDA:375,35,1,19
BRDA:375,35,2,0
BRDA:376,36,0,0
BRDA:376,36,1,19
BRDA:378,37,0,0
BRDA:378,37,1,19
BRDA:380,38,0,0
BRDA:380,38,1,19
BRF:84
BRH:41
end_of_record
TN:
SF:src\app\advanced\er-preview.tsx
FN:20,entitiesToNodes
FN:21,(anonymous_1)
FN:21,(anonymous_2)
FN:30,(anonymous_3)
FN:45,relsToEdges
FN:46,(anonymous_5)
FN:46,(anonymous_6)
FN:54,ERPreview
FN:57,(anonymous_8)
FN:58,(anonymous_9)
FNF:10
FNH:6
FNDA:19,entitiesToNodes
FNDA:19,(anonymous_1)
FNDA:18,(anonymous_2)
FNDA:51,(anonymous_3)
FNDA:19,relsToEdges
FNDA:0,(anonymous_5)
FNDA:0,(anonymous_6)
FNDA:19,ERPreview
FNDA:0,(anonymous_8)
FNDA:0,(anonymous_9)
DA:1,1
DA:21,19
DA:31,51
DA:46,19
DA:55,19
DA:56,19
DA:57,19
DA:58,0
DA:62,19
LF:9
LH:8
BRDA:32,0,0,51
BRDA:32,0,1,18
BRDA:46,1,0,0
BRDA:46,1,1,0
BRF:4
BRH:2
end_of_record
TN:
SF:src\app\advanced\error.tsx
FN:3,AdvancedError
FNF:1
FNH:0
FNDA:0,AdvancedError
DA:1,0
DA:10,0
LF:2
LH:0
BRF:0
BRH:0
end_of_record
TN:
SF:src\app\advanced\page.tsx
FN:22,generateMetadata
FN:42,AdvancedPage
FNF:2
FNH:0
FNDA:0,generateMetadata
FNDA:0,AdvancedPage
DA:8,0
DA:15,0
DA:27,0
DA:28,0
DA:29,0
DA:31,0
DA:34,0
DA:43,0
LF:8
LH:0
BRDA:28,0,0,0
BRDA:28,0,1,0
BRDA:29,1,0,0
BRDA:29,1,1,0
BRDA:31,2,0,0
BRDA:31,2,1,0
BRF:6
BRH:0
end_of_record
TN:
SF:src\app\advanced\submit-phases.tsx
FN:16,SubmittingPanel
FNF:1
FNH:0
FNDA:0,SubmittingPanel
DA:1,1
DA:23,0
LF:2
LH:1
BRDA:30,0,0,0
BRDA:30,0,1,0
BRDA:31,1,0,0
BRDA:31,1,1,0
BRDA:38,2,0,0
BRDA:38,2,1,0
BRF:6
BRH:0
end_of_record
TN:
SF:src\app\advanced\steps\step-endpoints.tsx
FN:10,StepEndpoints
FN:18,(anonymous_1)
FN:24,(anonymous_2)
FN:24,(anonymous_3)
FN:24,(anonymous_4)
FN:32,(anonymous_5)
FN:37,(anonymous_6)
FN:37,(anonymous_7)
FN:37,(anonymous_8)
FN:44,(anonymous_9)
FN:44,(anonymous_10)
FN:44,(anonymous_11)
FN:47,(anonymous_12)
FN:49,(anonymous_13)
FN:49,(anonymous_14)
FN:49,(anonymous_15)
FN:55,(anonymous_16)
FN:55,(anonymous_17)
FNF:18
FNH:0
FNDA:0,StepEndpoints
FNDA:0,(anonymous_1)
FNDA:0,(anonymous_2)
FNDA:0,(anonymous_3)
FNDA:0,(anonymous_4)
FNDA:0,(anonymous_5)
FNDA:0,(anonymous_6)
FNDA:0,(anonymous_7)
FNDA:0,(anonymous_8)
FNDA:0,(anonymous_9)
FNDA:0,(anonymous_10)
FNDA:0,(anonymous_11)
FNDA:0,(anonymous_12)
FNDA:0,(anonymous_13)
FNDA:0,(anonymous_14)
FNDA:0,(anonymous_15)
FNDA:0,(anonymous_16)
FNDA:0,(anonymous_17)
DA:1,1
DA:8,1
DA:15,0
DA:19,0
DA:24,0
DA:32,0
DA:37,0
DA:44,0
DA:47,0
DA:49,0
DA:55,0
LF:11
LH:2
BRDA:24,0,0,0
BRDA:24,0,1,0
BRDA:26,1,0,0
BRDA:26,1,1,0
BRDA:27,2,0,0
BRDA:27,2,1,0
BRDA:28,3,0,0
BRDA:28,3,1,0
BRDA:28,4,0,0
BRDA:28,4,1,0
BRDA:28,4,2,0
BRDA:37,5,0,0
BRDA:37,5,1,0
BRDA:44,6,0,0
BRDA:44,6,1,0
BRF:15
BRH:0
end_of_record
TN:
SF:src\app\advanced\steps\step-entities.tsx
FN:10,StepEntities
FN:16,(anonymous_1)
FN:22,(anonymous_2)
FN:30,(anonymous_3)
FN:30,(anonymous_4)
FN:30,(anonymous_5)
FN:34,(anonymous_6)
FN:34,(anonymous_7)
FN:34,(anonymous_8)
FN:37,(anonymous_9)
FN:42,(anonymous_10)
FN:42,(anonymous_11)
FN:42,(anonymous_12)
FN:42,(anonymous_13)
FN:49,(anonymous_14)
FN:49,(anonymous_15)
FN:49,(anonymous_16)
FN:49,(anonymous_17)
FN:51,(anonymous_18)
FN:56,(anonymous_19)
FN:56,(anonymous_20)
FN:56,(anonymous_21)
FN:56,(anonymous_22)
FN:58,(anonymous_23)
FN:58,(anonymous_24)
FN:58,(anonymous_25)
FN:58,(anonymous_26)
FN:63,(anonymous_27)
FN:63,(anonymous_28)
FN:63,(anonymous_29)
FN:74,(anonymous_30)
FN:74,(anonymous_31)
FN:84,(anonymous_32)
FN:89,(anonymous_33)
FN:89,(anonymous_34)
FN:89,(anonymous_35)
FN:92,(anonymous_36)
FN:97,(anonymous_37)
FN:97,(anonymous_38)
FN:97,(anonymous_39)
FN:99,(anonymous_40)
FN:104,(anonymous_41)
FN:104,(anonymous_42)
FN:104,(anonymous_43)
FN:107,(anonymous_44)
FN:109,(anonymous_45)
FN:109,(anonymous_46)
FN:109,(anonymous_47)
FN:114,(anonymous_48)
FN:114,(anonymous_49)
FNF:50
FNH:8
FNDA:17,StepEntities
FNDA:17,(anonymous_1)
FNDA:17,(anonymous_2)
FNDA:6,(anonymous_3)
FNDA:6,(anonymous_4)
FNDA:6,(anonymous_5)
FNDA:0,(anonymous_6)
FNDA:0,(anonymous_7)
FNDA:0,(anonymous_8)
FNDA:49,(anonymous_9)
FNDA:0,(anonymous_10)
FNDA:0,(anonymous_11)
FNDA:0,(anonymous_12)
FNDA:0,(anonymous_13)
FNDA:0,(anonymous_14)
FNDA:0,(anonymous_15)
FNDA:0,(anonymous_16)
FNDA:0,(anonymous_17)
FNDA:392,(anonymous_18)
FNDA:0,(anonymous_19)
FNDA:0,(anonymous_20)
FNDA:0,(anonymous_21)
FNDA:0,(anonymous_22)
FNDA:0,(anonymous_23)
FNDA:0,(anonymous_24)
FNDA:0,(anonymous_25)
FNDA:0,(anonymous_26)
FNDA:0,(anonymous_27)
FNDA:0,(anonymous_28)
FNDA:0,(anonymous_29)
FNDA:0,(anonymous_30)
FNDA:0,(anonymous_31)
FNDA:0,(anonymous_32)
FNDA:0,(anonymous_33)
FNDA:0,(anonymous_34)
FNDA:0,(anonymous_35)
FNDA:0,(anonymous_36)
FNDA:0,(anonymous_37)
FNDA:0,(anonymous_38)
FNDA:0,(anonymous_39)
FNDA:0,(anonymous_40)
FNDA:0,(anonymous_41)
FNDA:0,(anonymous_42)
FNDA:0,(anonymous_43)
FNDA:0,(anonymous_44)
FNDA:0,(anonymous_45)
FNDA:0,(anonymous_46)
FNDA:0,(anonymous_47)
FNDA:0,(anonymous_48)
FNDA:0,(anonymous_49)
DA:1,1
DA:7,1
DA:8,1
DA:16,17
DA:17,17
DA:23,17
DA:30,6
DA:34,0
DA:38,49
DA:42,0
DA:49,0
DA:51,392
DA:56,0
DA:58,0
DA:63,0
DA:74,0
DA:85,0
DA:89,0
DA:92,0
DA:97,0
DA:99,0
DA:104,0
DA:107,0
DA:109,0
DA:114,0
LF:25
LH:9
BRDA:30,0,0,6
BRDA:30,0,1,0
BRDA:34,1,0,17
BRDA:34,1,1,1
BRDA:42,2,0,0
BRDA:42,2,1,0
BRDA:42,3,0,0
BRDA:42,3,1,0
BRDA:49,4,0,0
BRDA:49,4,1,0
BRDA:49,5,0,0
BRDA:49,5,1,0
BRDA:56,6,0,0
BRDA:56,6,1,0
BRDA:56,7,0,0
BRDA:56,7,1,0
BRDA:58,8,0,49
BRDA:58,8,1,0
BRDA:58,9,0,0
BRDA:58,9,1,0
BRDA:63,10,0,0
BRDA:63,10,1,0
BRDA:89,11,0,0
BRDA:89,11,1,0
BRDA:97,12,0,0
BRDA:97,12,1,0
BRDA:104,13,0,0
BRDA:104,13,1,0
BRF:28
BRH:4
end_of_record
TN:
SF:src\app\advanced\steps\step-personalize.tsx
FN:14,StepPersonalize
FN:73,(anonymous_1)
FNF:2
FNH:0
FNDA:0,StepPersonalize
FNDA:0,(anonymous_1)
DA:1,1
DA:15,0
DA:73,0
LF:3
LH:1
BRDA:32,0,0,0
BRDA:32,0,1,0
BRDA:36,1,0,0
BRDA:36,1,1,0
BRDA:66,2,0,0
BRDA:66,2,1,0
BRDA:68,3,0,0
BRDA:68,3,1,0
BRF:8
BRH:0
end_of_record
TN:
SF:src\app\advanced\steps\step-platform.tsx
FN:7,StepPlatformSelection
FN:41,(anonymous_1)
FN:45,(anonymous_2)
FN:63,(anonymous_3)
FNF:4
FNH:0
FNDA:0,StepPlatformSelection
FNDA:0,(anonymous_1)
FNDA:0,(anonymous_2)
FNDA:0,(anonymous_3)
DA:1,1
DA:20,0
DA:37,0
DA:42,0
DA:45,0
DA:64,0
LF:6
LH:1
BRDA:48,0,0,0
BRDA:48,0,1,0
BRF:2
BRH:0
end_of_record
TN:
SF:src\app\advanced\steps\step-tier.tsx
FN:9,StepTier
FN:25,(anonymous_1)
FN:26,(anonymous_2)
FN:58,(anonymous_3)
FNF:4
FNH:3
FNDA:2,StepTier
FNDA:8,(anonymous_1)
FNDA:0,(anonymous_2)
FNDA:26,(anonymous_3)
DA:1,1
DA:14,2
DA:23,2
DA:26,8
DA:59,26
LF:5
LH:5
BRDA:29,0,0,2
BRDA:29,0,1,6
BRDA:30,1,0,0
BRDA:30,1,1,2
BRDA:35,2,0,8
BRDA:35,2,1,2
BRDA:40,3,0,8
BRDA:40,3,1,2
BRDA:48,4,0,2
BRDA:48,4,1,6
BRDA:49,5,0,8
BRDA:49,5,1,2
BRDA:49,5,2,1
BRDA:50,6,0,0
BRDA:50,6,1,1
BRDA:51,7,0,0
BRDA:51,7,1,1
BRDA:64,8,0,8
BRDA:64,8,1,2
BRDA:66,9,0,0
BRDA:66,9,1,2
BRDA:67,10,0,0
BRDA:67,10,1,2
BRF:23
BRH:18
end_of_record
TN:
SF:src\app\advanced\steps\styles.ts
FNF:0
FNH:0
DA:2,1
DA:4,1
DA:6,1
LF:3
LH:3
BRF:0
BRH:0
end_of_record
TN:
SF:src\app\api\csp-report\route.ts
FN:7,POST
FN:9,(anonymous_1)
FNF:2
FNH:2
FNDA:6,POST
FNDA:2,(anonymous_1)
DA:8,6
DA:9,6
DA:10,6
DA:11,6
DA:12,4
DA:17,6
DA:20,1
LF:7
LH:7
BRDA:10,0,0,6
BRDA:10,0,1,4
BRDA:11,1,0,4
BRDA:11,1,1,2
BRF:4
BRH:4
end_of_record
TN:
SF:src\app\api\healthz\route.ts
FN:8,GET
FNF:1
FNH:1
FNDA:4,GET
DA:6,1
DA:9,4
LF:2
LH:2
BRF:0
BRH:0
end_of_record
TN:
SF:src\app\auth\callback\route.ts
FN:16,GET
FN:29,getAll
FN:32,setAll
FN:33,(anonymous_3)
FNF:4
FNH:0
FNDA:0,GET
FNDA:0,getAll
FNDA:0,setAll
FNDA:0,(anonymous_3)
DA:17,0
DA:18,0
DA:19,0
DA:21,0
DA:22,0
DA:24,0
DA:30,0
DA:33,0
DA:34,0
DA:41,0
DA:43,0
DA:45,0
DA:48,0
DA:52,0
LF:14
LH:0
BRDA:19,0,0,0
BRDA:19,0,1,0
BRDA:21,1,0,0
BRDA:21,1,1,0
BRDA:43,2,0,0
BRDA:43,2,1,0
BRF:6
BRH:0
end_of_record
TN:
SF:src\app\auth\reset-password\page.tsx
FN:12,ResetPasswordPage
FN:13,(anonymous_1)
FN:19,(anonymous_2)
FN:23,(anonymous_3)
FN:28,(anonymous_4)
FN:35,(anonymous_5)
FN:36,(anonymous_6)
FN:39,(anonymous_7)
FN:45,handleSubmit
FN:49,(anonymous_9)
FN:134,(anonymous_10)
FN:149,(anonymous_11)
FNF:12
FNH:12
FNDA:18,ResetPasswordPage
FNDA:5,(anonymous_1)
FNDA:5,(anonymous_2)
FNDA:5,(anonymous_3)
FNDA:1,(anonymous_4)
FNDA:1,(anonymous_5)
FNDA:1,(anonymous_6)
FNDA:5,(anonymous_7)
FNDA:2,handleSubmit
FNDA:1,(anonymous_9)
FNDA:2,(anonymous_10)
FNDA:2,(anonymous_11)
DA:1,1
DA:13,18
DA:14,18
DA:15,18
DA:16,18
DA:17,18
DA:19,18
DA:20,5
DA:23,5
DA:24,5
DA:28,5
DA:29,1
DA:30,1
DA:35,5
DA:36,1
DA:39,5
DA:40,5
DA:41,5
DA:46,2
DA:47,2
DA:48,1
DA:49,1
DA:50,1
DA:51,1
DA:52,1
DA:53,0
DA:55,1
DA:61,18
DA:73,18
DA:74,5
DA:84,12
DA:85,1
DA:111,11
DA:134,2
DA:149,2
LF:35
LH:34
BRDA:13,0,0,5
BRDA:13,0,1,0
BRDA:20,1,0,0
BRDA:20,1,1,5
BRDA:24,2,0,3
BRDA:24,2,1,2
BRDA:29,3,0,1
BRDA:29,3,1,0
BRDA:29,4,0,1
BRDA:29,4,1,0
BRDA:29,4,2,1
BRDA:36,5,0,1
BRDA:36,5,1,0
BRDA:47,6,0,1
BRDA:47,6,1,1
BRDA:48,7,0,0
BRDA:48,7,1,1
BRDA:52,8,0,0
BRDA:52,8,1,1
BRDA:73,9,0,5
BRDA:73,9,1,13
BRDA:84,10,0,1
BRDA:84,10,1,11
BRDA:155,11,0,11
BRDA:155,11,1,1
BRDA:160,12,0,1
BRDA:160,12,1,10
BRF:27
BRH:20
end_of_record
TN:
SF:src\app\auth\signout\route.ts
FN:12,POST
FN:20,getAll
FN:23,setAll
FN:24,(anonymous_3)
FNF:4
FNH:0
FNDA:0,POST
FNDA:0,getAll
FNDA:0,setAll
FNDA:0,(anonymous_3)
DA:13,0
DA:15,0
DA:21,0
DA:24,0
DA:25,0
DA:32,0
DA:35,0
LF:7
LH:0
BRF:0
BRH:0
end_of_record
TN:
SF:src\app\blog\page.tsx
FN:28,formatDate
FN:36,BlogIndexPage
FN:60,(anonymous_2)
FN:80,(anonymous_3)
FNF:4
FNH:0
FNDA:0,formatDate
FNDA:0,BlogIndexPage
FNDA:0,(anonymous_2)
FNDA:0,(anonymous_3)
DA:9,0
DA:29,0
DA:37,0
DA:38,0
DA:40,0
DA:42,0
DA:61,0
DA:81,0
LF:8
LH:0
BRF:0
BRH:0
end_of_record
TN:
SF:src\app\blog\[slug]\error.tsx
FN:6,BlogPostError
FN:13,(anonymous_1)
FNF:2
FNH:0
FNDA:0,BlogPostError
FNDA:0,(anonymous_1)
DA:1,0
DA:13,0
DA:14,0
DA:17,0
LF:4
LH:0
BRF:0
BRH:0
end_of_record
TN:
SF:src\app\blog\[slug]\opengraph-image.tsx
FN:25,generateStaticParams
FN:26,(anonymous_1)
FN:29,OgImage
FNF:3
FNH:0
FNDA:0,generateStaticParams
FNDA:0,(anonymous_1)
FNDA:0,OgImage
DA:9,0
DA:10,0
DA:11,0
DA:13,0
DA:14,0
DA:15,0
DA:16,0
DA:17,0
DA:23,0
DA:26,0
DA:30,0
DA:31,0
DA:32,0
DA:39,0
DA:41,0
LF:15
LH:0
BRDA:31,0,0,0
BRDA:31,0,1,0
BRDA:32,1,0,0
BRDA:32,1,1,0
BRDA:39,2,0,0
BRDA:39,2,1,0
BRDA:92,3,0,0
BRDA:92,3,1,0
BRF:8
BRH:0
end_of_record
TN:
SF:src\app\blog\[slug]\page.tsx
FN:16,generateStaticParams
FN:17,(anonymous_1)
FN:20,generateMetadata
FN:47,BlogPostPage
FN:62,(anonymous_4)
FN:116,(anonymous_5)
FNF:6
FNH:0
FNDA:0,generateStaticParams
FNDA:0,(anonymous_1)
FNDA:0,generateMetadata
FNDA:0,BlogPostPage
FNDA:0,(anonymous_4)
FNDA:0,(anonymous_5)
DA:17,0
DA:21,0
DA:22,0
DA:23,0
DA:25,0
DA:48,0
DA:49,0
DA:50,0
DA:52,0
DA:54,0
DA:55,0
DA:61,0
DA:62,0
DA:63,0
DA:64,0
DA:65,0
DA:67,0
DA:117,0
LF:18
LH:0
BRDA:23,0,0,0
BRDA:23,0,1,0
BRDA:50,1,0,0
BRDA:50,1,1,0
BRDA:63,2,0,0
BRDA:63,2,1,0
BRDA:64,3,0,0
BRDA:64,3,1,0
BRDA:110,4,0,0
BRDA:110,4,1,0
BRDA:139,5,0,0
BRDA:139,5,1,0
BRDA:154,6,0,0
BRDA:154,6,1,0
BRF:14
BRH:0
end_of_record
TN:
SF:src\app\blog\rss.xml\route.ts
FN:9,escapeXml
FN:18,GET
FN:25,(anonymous_2)
FN:35,(anonymous_3)
FNF:4
FNH:0
FNDA:0,escapeXml
FNDA:0,GET
FNDA:0,(anonymous_2)
FNDA:0,(anonymous_3)
DA:10,0
DA:19,0
DA:20,0
DA:22,0
DA:24,0
DA:26,0
DA:27,0
DA:35,0
DA:41,0
DA:55,0
LF:10
LH:0
BRDA:22,0,0,0
BRDA:22,0,1,0
BRF:2
BRH:0
end_of_record
TN:
SF:src\app\compare\page.tsx
FN:23,CompareIndexPage
FN:26,(anonymous_1)
FN:55,(anonymous_2)
FNF:3
FNH:0
FNDA:0,CompareIndexPage
FNDA:0,(anonymous_1)
FNDA:0,(anonymous_2)
DA:9,0
DA:24,0
DA:26,0
DA:33,0
DA:56,0
LF:5
LH:0
BRF:0
BRH:0
end_of_record
TN:
SF:src\app\compare\[slug]\error.tsx
FN:6,ComparePageError
FN:13,(anonymous_1)
FNF:2
FNH:0
FNDA:0,ComparePageError
FNDA:0,(anonymous_1)
DA:1,0
DA:13,0
DA:14,0
DA:17,0
LF:4
LH:0
BRF:0
BRH:0
end_of_record
TN:
SF:src\app\compare\[slug]\page.tsx
FN:16,generateStaticParams
FN:17,(anonymous_1)
FN:20,generateMetadata
FN:43,ComparePage
FNF:4
FNH:0
FNDA:0,generateStaticParams
FNDA:0,(anonymous_1)
FNDA:0,generateMetadata
FNDA:0,ComparePage
DA:17,0
DA:21,0
DA:22,0
DA:23,0
DA:25,0
DA:44,0
DA:45,0
DA:46,0
DA:48,0
DA:50,0
DA:56,0
LF:11
LH:0
BRDA:23,0,0,0
BRDA:23,0,1,0
BRDA:46,1,0,0
BRDA:46,1,1,0
BRF:4
BRH:0
end_of_record
TN:
SF:src\app\contact\page.tsx
FN:35,ContactPage
FN:50,(anonymous_1)
FNF:2
FNH:0
FNDA:0,ContactPage
FNDA:0,(anonymous_1)
DA:7,0
DA:14,0
DA:36,0
DA:51,0
DA:52,0
LF:5
LH:0
BRF:0
BRH:0
end_of_record
TN:
SF:src\app\dashboard\ByokSettingsForm.tsx
FN:43,ByokSettingsForm
FN:115,(anonymous_1)
FNF:2
FNH:0
FNDA:0,ByokSettingsForm
FNDA:0,(anonymous_1)
DA:1,0
DA:8,0
DA:19,0
DA:44,0
DA:46,0
DA:116,0
LF:6
LH:0
BRDA:81,0,0,0
BRDA:81,0,1,0
BRDA:89,1,0,0
BRDA:89,1,1,0
BRDA:126,2,0,0
BRDA:126,2,1,0
BRDA:129,3,0,0
BRDA:129,3,1,0
BRDA:153,4,0,0
BRDA:153,4,1,0
BRF:10
BRH:0
end_of_record
TN:
SF:src\app\dashboard\GenerationsLiveRefresher.tsx
FN:9,GenerationsLiveRefresher
FN:13,tryRefresh
FN:21,(anonymous_2)
FN:24,onVisible
FN:38,(anonymous_4)
FN:48,(anonymous_5)
FNF:6
FNH:6
FNDA:7,GenerationsLiveRefresher
FNDA:6,tryRefresh
FNDA:7,(anonymous_2)
FNDA:1,onVisible
FNDA:6,(anonymous_4)
FNDA:7,(anonymous_5)
DA:1,1
DA:7,1
DA:10,7
DA:11,7
DA:14,6
DA:15,6
DA:16,5
DA:17,5
DA:21,7
DA:22,7
DA:25,1
DA:27,7
DA:29,7
DA:41,6
DA:42,6
DA:43,5
DA:48,7
DA:49,7
DA:50,7
DA:55,7
LF:20
LH:20
BRDA:15,0,0,5
BRDA:15,0,1,1
BRDA:22,1,0,0
BRDA:22,1,1,7
BRDA:25,2,0,1
BRDA:25,2,1,0
BRDA:42,3,0,1
BRDA:42,3,1,5
BRDA:42,4,0,6
BRDA:42,4,1,6
BRDA:42,4,2,6
BRF:11
BRH:9
end_of_record
TN:
SF:src\app\dashboard\error.tsx
FN:3,DashboardError
FNF:1
FNH:0
FNDA:0,DashboardError
DA:1,0
DA:10,0
LF:2
LH:0
BRF:0
BRH:0
end_of_record
TN:
SF:src\app\dashboard\page.tsx
FN:44,StatusBadge
FN:109,GenerationRow
FN:182,DashboardPage
FN:197,(anonymous_3)
FN:198,(anonymous_4)
FN:268,(anonymous_5)
FN:289,(anonymous_6)
FN:315,(anonymous_7)
FNF:8
FNH:0
FNDA:0,StatusBadge
FNDA:0,GenerationRow
FNDA:0,DashboardPage
FNDA:0,(anonymous_3)
FNDA:0,(anonymous_4)
FNDA:0,(anonymous_5)
FNDA:0,(anonymous_6)
FNDA:0,(anonymous_7)
DA:23,0
DA:30,0
DA:36,0
DA:48,0
DA:96,0
DA:98,0
DA:110,0
DA:111,0
DA:112,0
DA:113,0
DA:115,0
DA:183,0
DA:186,0
DA:187,0
DA:190,0
DA:196,0
DA:197,0
DA:198,0
DA:199,0
DA:202,0
DA:269,0
DA:290,0
DA:316,0
LF:23
LH:0
BRDA:96,0,0,0
BRDA:96,0,1,0
BRDA:110,1,0,0
BRDA:110,1,1,0
BRDA:111,2,0,0
BRDA:111,2,1,0
BRDA:132,3,0,0
BRDA:132,3,1,0
BRDA:165,4,0,0
BRDA:165,4,1,0
BRDA:165,4,2,0
BRDA:165,4,3,0
BRDA:186,5,0,0
BRDA:186,5,1,0
BRDA:299,6,0,0
BRDA:299,6,1,0
BRDA:328,7,0,0
BRDA:328,7,1,0
BRF:18
BRH:0
end_of_record
TN:
SF:src\app\docs\layout.tsx
FN:13,DocsLayout
FN:134,MobileDocNav
FN:150,(anonymous_2)
FNF:3
FNH:0
FNDA:0,DocsLayout
FNDA:0,MobileDocNav
FNDA:0,(anonymous_2)
DA:7,0
DA:14,0
DA:135,0
DA:148,0
DA:151,0
LF:5
LH:0
BRF:0
BRH:0
end_of_record
TN:
SF:src\app\docs\page.tsx
FN:3,DocsIndexPage
FNF:1
FNH:0
FNDA:0,DocsIndexPage
DA:4,0
LF:1
LH:0
BRF:0
BRH:0
end_of_record
TN:
SF:src\app\docs\[slug]\page.tsx
FN:24,generateStaticParams
FN:25,(anonymous_1)
FN:33,extractExcerpt
FN:44,(anonymous_3)
FN:45,(anonymous_4)
FN:57,generateMetadata
FN:78,DocPage
FN:86,(anonymous_7)
FN:124,(anonymous_8)
FNF:9
FNH:0
FNDA:0,generateStaticParams
FNDA:0,(anonymous_1)
FNDA:0,extractExcerpt
FNDA:0,(anonymous_3)
FNDA:0,(anonymous_4)
FNDA:0,generateMetadata
FNDA:0,DocPage
FNDA:0,(anonymous_7)
FNDA:0,(anonymous_8)
DA:14,0
DA:25,0
DA:34,0
DA:42,0
DA:44,0
DA:45,0
DA:47,0
DA:53,0
DA:54,0
DA:58,0
DA:59,0
DA:60,0
DA:62,0
DA:63,0
DA:65,0
DA:79,0
DA:80,0
DA:82,0
DA:85,0
DA:86,0
DA:87,0
DA:88,0
DA:90,0
DA:91,0
DA:97,0
DA:125,0
DA:126,0
DA:127,0
DA:128,0
LF:29
LH:0
BRDA:33,0,0,0
BRDA:42,1,0,0
BRDA:42,1,1,0
BRDA:45,2,0,0
BRDA:45,2,1,0
BRDA:45,2,2,0
BRDA:53,3,0,0
BRDA:53,3,1,0
BRDA:60,4,0,0
BRDA:60,4,1,0
BRDA:63,5,0,0
BRDA:63,5,1,0
BRDA:82,6,0,0
BRDA:82,6,1,0
BRDA:87,7,0,0
BRDA:87,7,1,0
BRDA:88,8,0,0
BRDA:88,8,1,0
BRDA:108,9,0,0
BRDA:108,9,1,0
BRDA:113,10,0,0
BRDA:113,10,1,0
BRDA:126,11,0,0
BRDA:126,11,1,0
BRDA:127,12,0,0
BRDA:127,12,1,0
BRDA:152,13,0,0
BRDA:152,13,1,0
BRDA:168,14,0,0
BRDA:168,14,1,0
BRDA:189,15,0,0
BRDA:189,15,1,0
BRF:32
BRH:0
end_of_record
TN:
SF:src\app\faq\page.tsx
FN:21,FaqPage
FN:53,(anonymous_1)
FN:54,(anonymous_2)
FN:63,(anonymous_3)
FNF:4
FNH:0
FNDA:0,FaqPage
FNDA:0,(anonymous_1)
FNDA:0,(anonymous_2)
FNDA:0,(anonymous_3)
DA:7,0
DA:19,0
DA:22,0
DA:54,0
DA:55,0
DA:56,0
DA:64,0
DA:65,0
LF:8
LH:0
BRDA:55,0,0,0
BRDA:55,0,1,0
BRF:2
BRH:0
end_of_record
TN:
SF:src\app\forgot-password\ForgotPasswordClient.tsx
FN:10,ForgotPasswordClient
FN:15,handleSubmit
FN:17,(anonymous_2)
FN:92,(anonymous_3)
FNF:4
FNH:4
FNDA:18,ForgotPasswordClient
FNDA:3,handleSubmit
FNDA:3,(anonymous_2)
FNDA:3,(anonymous_3)
DA:1,1
DA:11,18
DA:12,18
DA:13,18
DA:16,3
DA:17,3
DA:18,3
DA:19,3
DA:24,3
DA:29,18
DA:41,18
DA:42,5
DA:70,10
DA:92,3
LF:14
LH:14
BRDA:18,0,0,3
BRDA:18,0,1,0
BRDA:18,1,0,3
BRDA:18,1,1,3
BRDA:41,2,0,5
BRDA:41,2,1,13
BRDA:103,3,0,3
BRDA:103,3,1,7
BRF:8
BRH:7
end_of_record
TN:
SF:src\app\forgot-password\page.tsx
FNF:0
FNH:0
DA:3,0
LF:1
LH:0
BRF:0
BRH:0
end_of_record
TN:
SF:src\app\generate\[id]\GenerateClientPage.tsx
FN:21,GenerateClientPage
FN:22,(anonymous_1)
FN:43,handleRetry
FN:44,(anonymous_3)
FN:48,(anonymous_4)
FNF:5
FNH:0
FNDA:0,GenerateClientPage
FNDA:0,(anonymous_1)
FNDA:0,handleRetry
FNDA:0,(anonymous_3)
FNDA:0,(anonymous_4)
DA:1,0
DA:22,0
DA:23,0
DA:27,0
DA:35,0
DA:36,0
DA:44,0
DA:45,0
DA:46,0
DA:48,0
DA:57,0
DA:58,0
DA:59,0
DA:60,0
DA:62,0
LF:15
LH:0
BRDA:23,0,0,0
BRDA:23,0,1,0
BRDA:23,1,0,0
BRDA:23,1,1,0
BRDA:35,2,0,0
BRDA:35,2,1,0
BRDA:38,3,0,0
BRDA:38,3,1,0
BRDA:46,4,0,0
BRDA:46,4,1,0
BRDA:60,5,0,0
BRDA:60,5,1,0
BRDA:66,6,0,0
BRDA:66,6,1,0
BRDA:66,7,0,0
BRDA:66,7,1,0
BRDA:78,8,0,0
BRDA:78,8,1,0
BRDA:78,9,0,0
BRDA:78,9,1,0
BRDA:81,10,0,0
BRDA:81,10,1,0
BRDA:83,11,0,0
BRDA:83,11,1,0
BRDA:92,12,0,0
BRDA:92,12,1,0
BRDA:92,12,2,0
BRDA:94,13,0,0
BRDA:94,13,1,0
BRDA:94,13,2,0
BRF:30
BRH:0
end_of_record
TN:
SF:src\app\generate\[id]\error.tsx
FN:3,GenerationError
FNF:1
FNH:0
FNDA:0,GenerationError
DA:1,0
DA:10,0
LF:2
LH:0
BRF:0
BRH:0
end_of_record
TN:
SF:src\app\generate\[id]\page.tsx
FN:12,GeneratePage
FNF:1
FNH:0
FNDA:0,GeneratePage
DA:13,0
DA:14,0
DA:15,0
DA:18,0
DA:20,0
DA:21,0
DA:45,0
LF:7
LH:0
BRDA:14,0,0,0
BRDA:14,0,1,0
BRDA:15,1,0,0
BRDA:15,1,1,0
BRDA:20,2,0,0
BRDA:20,2,1,0
BRF:6
BRH:0
end_of_record
TN:
SF:src\app\generate\[id]\components\free-tier-panel.tsx
FN:10,(anonymous_0)
FN:11,(anonymous_1)
FN:15,SchemaFallbackView
FN:44,(anonymous_3)
FN:55,(anonymous_4)
FN:82,(anonymous_5)
FN:117,FreeTierPanel
FN:152,(anonymous_7)
FN:172,(anonymous_8)
FN:178,(anonymous_9)
FNF:10
FNH:0
FNDA:0,(anonymous_0)
FNDA:0,(anonymous_1)
FNDA:0,SchemaFallbackView
FNDA:0,(anonymous_3)
FNDA:0,(anonymous_4)
FNDA:0,(anonymous_5)
FNDA:0,FreeTierPanel
FNDA:0,(anonymous_7)
FNDA:0,(anonymous_8)
FNDA:0,(anonymous_9)
DA:1,0
DA:10,0
DA:11,0
DA:16,0
DA:18,0
DA:45,0
DA:56,0
DA:83,0
DA:118,0
DA:120,0
DA:123,0
DA:124,0
DA:126,0
DA:152,0
DA:172,0
DA:178,0
LF:16
LH:0
BRDA:33,0,0,0
BRDA:33,0,1,0
BRDA:36,1,0,0
BRDA:36,1,1,0
BRDA:57,2,0,0
BRDA:57,2,1,0
BRDA:74,3,0,0
BRDA:74,3,1,0
BRDA:120,4,0,0
BRDA:120,4,1,0
BRDA:123,5,0,0
BRDA:123,5,1,0
BRDA:165,6,0,0
BRDA:165,6,1,0
BRDA:177,7,0,0
BRDA:177,7,1,0
BRF:16
BRH:0
end_of_record
TN:
SF:src\app\generate\[id]\components\generate-header.tsx
FN:16,GenerateHeader
FNF:1
FNH:0
FNDA:0,GenerateHeader
DA:1,0
DA:17,0
DA:19,0
LF:3
LH:0
BRDA:40,0,0,0
BRDA:40,0,1,0
BRDA:56,1,0,0
BRDA:56,1,1,0
BRDA:61,2,0,0
BRDA:61,2,1,0
BRDA:77,3,0,0
BRDA:77,3,1,0
BRF:8
BRH:0
end_of_record
TN:
SF:src\app\generate\[id]\components\in-progress-panel.tsx
FN:10,InProgressPanel
FNF:1
FNH:0
FNDA:0,InProgressPanel
DA:1,0
DA:11,0
DA:12,0
DA:14,0
LF:4
LH:0
BRDA:20,0,0,0
BRDA:20,0,1,0
BRDA:26,1,0,0
BRDA:26,1,1,0
BRDA:32,2,0,0
BRDA:32,2,1,0
BRDA:37,3,0,0
BRDA:37,3,1,0
BRDA:65,4,0,0
BRDA:65,4,1,0
BRF:10
BRH:0
end_of_record
TN:
SF:src\app\generate\[id]\components\paid-tier-panel.tsx
FN:8,PaidTierPanel
FNF:1
FNH:0
FNDA:0,PaidTierPanel
DA:1,0
DA:9,0
DA:11,0
LF:3
LH:0
BRDA:9,0,0,0
BRDA:9,0,1,0
BRDA:29,1,0,0
BRDA:29,1,1,0
BRDA:31,2,0,0
BRDA:31,2,1,0
BRDA:53,3,0,0
BRDA:53,3,1,0
BRDA:64,4,0,0
BRDA:64,4,1,0
BRF:10
BRH:0
end_of_record
TN:
SF:src\app\generate\[id]\components\progress-stepper.tsx
FN:7,ProgressStepper
FN:14,(anonymous_1)
FNF:2
FNH:0
FNDA:0,ProgressStepper
FNDA:0,(anonymous_1)
DA:1,0
DA:8,0
DA:9,0
DA:11,0
DA:15,0
DA:16,0
DA:17,0
DA:18,0
LF:8
LH:0
BRDA:15,0,0,0
BRDA:15,0,1,0
BRDA:16,1,0,0
BRDA:16,1,1,0
BRDA:17,2,0,0
BRDA:17,2,1,0
BRDA:22,3,0,0
BRDA:22,3,1,0
BRDA:25,4,0,0
BRDA:25,4,1,0
BRDA:25,5,0,0
BRDA:25,5,1,0
BRDA:32,6,0,0
BRDA:32,6,1,0
BRDA:34,7,0,0
BRDA:34,7,1,0
BRDA:36,8,0,0
BRDA:36,8,1,0
BRDA:41,9,0,0
BRDA:41,9,1,0
BRDA:43,10,0,0
BRDA:43,10,1,0
BRDA:45,11,0,0
BRDA:45,11,1,0
BRDA:52,12,0,0
BRDA:52,12,1,0
BRDA:55,13,0,0
BRDA:55,13,1,0
BRDA:63,14,0,0
BRDA:63,14,1,0
BRDA:65,15,0,0
BRDA:65,15,1,0
BRDA:67,16,0,0
BRDA:67,16,1,0
BRF:34
BRH:0
end_of_record
TN:
SF:src\app\generate\[id]\components\status.ts
FN:42,stepIndex
FN:48,isFreeGeneration
FNF:2
FNH:0
FNDA:0,stepIndex
FNDA:0,isFreeGeneration
DA:3,0
DA:13,0
DA:25,0
DA:44,0
DA:45,0
DA:49,0
DA:52,0
DA:59,0
LF:8
LH:0
BRDA:44,0,0,0
BRDA:44,0,1,0
BRF:2
BRH:0
end_of_record
TN:
SF:src\app\generate\[id]\components\upgrade-modal.tsx
FN:10,UpgradeModal
FN:15,handlePick
FN:18,(anonymous_2)
FN:47,(anonymous_3)
FN:50,(anonymous_4)
FNF:5
FNH:0
FNDA:0,UpgradeModal
FNDA:0,handlePick
FNDA:0,(anonymous_2)
FNDA:0,(anonymous_3)
FNDA:0,(anonymous_4)
DA:1,0
DA:11,0
DA:12,0
DA:13,0
DA:16,0
DA:17,0
DA:18,0
DA:19,0
DA:27,0
DA:28,0
DA:30,0
DA:31,0
DA:36,0
DA:48,0
DA:50,0
LF:15
LH:0
BRDA:22,0,0,0
BRDA:22,0,1,0
BRDA:27,1,0,0
BRDA:27,1,1,0
BRDA:61,2,0,0
BRDA:61,2,1,0
BRDA:61,3,0,0
BRDA:61,3,1,0
BRDA:69,4,0,0
BRDA:69,4,1,0
BRF:10
BRH:0
end_of_record
TN:
SF:src\app\login\LoginPageClient.tsx
FN:14,LoginPageContent
FN:28,handleSubmit
FN:30,(anonymous_2)
FN:94,(anonymous_3)
FN:96,(anonymous_4)
FN:118,(anonymous_5)
FN:129,(anonymous_6)
FN:152,(anonymous_7)
FN:174,(anonymous_8)
FN:231,LoginPage
FNF:10
FNH:4
FNDA:6,LoginPageContent
FNDA:0,handleSubmit
FNDA:0,(anonymous_2)
FNDA:1,(anonymous_3)
FNDA:1,(anonymous_4)
FNDA:0,(anonymous_5)
FNDA:0,(anonymous_6)
FNDA:0,(anonymous_7)
FNDA:0,(anonymous_8)
FNDA:5,LoginPage
DA:1,2
DA:15,6
DA:16,6
DA:17,6
DA:18,6
DA:20,6
DA:21,6
DA:22,6
DA:23,6
DA:24,6
DA:25,6
DA:26,6
DA:29,0
DA:30,0
DA:31,0
DA:32,0
DA:34,0
DA:36,0
DA:37,0
DA:40,0
DA:41,0
DA:47,0
DA:48,0
DA:49,0
DA:51,0
DA:54,0
DA:58,0
DA:59,0
DA:60,0
DA:65,0
DA:71,6
DA:95,1
DA:96,1
DA:118,0
DA:129,0
DA:152,0
DA:174,0
DA:232,5
LF:38
LH:16
BRDA:17,0,0,6
BRDA:17,0,1,6
BRDA:34,1,0,0
BRDA:34,1,1,0
BRDA:34,2,0,0
BRDA:34,2,1,0
BRDA:40,3,0,0
BRDA:40,3,1,0
BRDA:47,4,0,0
BRDA:47,4,1,0
BRDA:58,5,0,0
BRDA:58,5,1,0
BRDA:88,6,0,6
BRDA:88,6,1,3
BRDA:120,7,0,5
BRDA:120,7,1,1
BRDA:131,8,0,1
BRDA:131,8,1,5
BRDA:159,9,0,6
BRDA:159,9,1,5
BRDA:182,10,0,6
BRDA:182,10,1,0
BRDA:182,10,2,0
BRDA:186,11,0,6
BRDA:186,11,1,0
BRDA:186,11,2,0
BRDA:192,12,0,0
BRDA:192,12,1,6
BRDA:194,13,0,1
BRDA:194,13,1,5
BRDA:216,14,0,0
BRDA:216,14,1,6
BRF:32
BRH:16
end_of_record
TN:
SF:src\app\login\page.tsx
FNF:0
FNH:0
DA:3,0
LF:1
LH:0
BRF:0
BRH:0
end_of_record
TN:
SF:src\app\pricing\page.tsx
FN:153,CheckCell
FN:161,PricingPage
FN:163,(anonymous_2)
FN:169,(anonymous_3)
FN:257,(anonymous_4)
FN:304,(anonymous_5)
FN:330,(anonymous_6)
FN:375,(anonymous_7)
FN:408,(anonymous_8)
FNF:9
FNH:0
FNDA:0,CheckCell
FNDA:0,PricingPage
FNDA:0,(anonymous_2)
FNDA:0,(anonymous_3)
FNDA:0,(anonymous_4)
FNDA:0,(anonymous_5)
FNDA:0,(anonymous_6)
FNDA:0,(anonymous_7)
FNDA:0,(anonymous_8)
DA:9,0
DA:16,0
DA:36,0
DA:101,0
DA:132,0
DA:154,0
DA:162,0
DA:163,0
DA:168,0
DA:169,0
DA:171,0
DA:258,0
DA:305,0
DA:331,0
DA:376,0
DA:409,0
LF:16
LH:0
BRDA:154,0,0,0
BRDA:154,0,1,0
BRDA:309,1,0,0
BRDA:309,1,1,0
BRDA:314,2,0,0
BRDA:314,2,1,0
BRDA:340,3,0,0
BRDA:340,3,1,0
BRF:8
BRH:0
end_of_record
TN:
SF:src\app\privacy\page.tsx
FN:15,PrivacyPage
FNF:1
FNH:0
FNDA:0,PrivacyPage
DA:6,0
DA:13,0
DA:16,0
LF:3
LH:0
BRF:0
BRH:0
end_of_record
TN:
SF:src\app\register\RegisterPageClient.tsx
FN:14,RegisterPageContent
FN:28,(anonymous_1)
FN:34,(anonymous_2)
FN:36,(anonymous_3)
FN:37,(anonymous_4)
FN:42,(anonymous_5)
FN:45,handleSubmit
FN:47,(anonymous_7)
FN:176,(anonymous_8)
FN:193,(anonymous_9)
FN:209,(anonymous_10)
FN:265,RegisterPage
FNF:12
FNH:3
FNDA:4,RegisterPageContent
FNDA:0,(anonymous_1)
FNDA:4,(anonymous_2)
FNDA:0,(anonymous_3)
FNDA:0,(anonymous_4)
FNDA:0,(anonymous_5)
FNDA:0,handleSubmit
FNDA:0,(anonymous_7)
FNDA:0,(anonymous_8)
FNDA:0,(anonymous_9)
FNDA:0,(anonymous_10)
FNDA:4,RegisterPage
DA:1,1
DA:15,4
DA:16,4
DA:17,4
DA:19,4
DA:20,4
DA:21,4
DA:22,4
DA:23,4
DA:24,4
DA:25,4
DA:26,4
DA:28,4
DA:29,0
DA:30,0
DA:31,0
DA:34,4
DA:35,4
DA:36,0
DA:37,0
DA:38,0
DA:39,0
DA:42,0
DA:46,0
DA:47,0
DA:48,0
DA:49,0
DA:51,0
DA:52,0
DA:53,0
DA:54,0
DA:57,0
DA:58,0
DA:59,0
DA:60,0
DA:63,0
DA:65,0
DA:66,0
DA:69,0
DA:77,0
DA:78,0
DA:79,0
DA:81,0
DA:86,4
DA:87,0
DA:139,4
DA:176,0
DA:193,0
DA:209,0
DA:266,4
LF:50
LH:18
BRDA:17,0,0,4
BRDA:17,0,1,4
BRDA:29,1,0,0
BRDA:29,1,1,0
BRDA:29,2,0,0
BRDA:29,2,1,0
BRDA:35,3,0,4
BRDA:35,3,1,0
BRDA:38,4,0,0
BRDA:38,4,1,0
BRDA:42,5,0,0
BRDA:42,5,1,0
BRDA:51,6,0,0
BRDA:51,6,1,0
BRDA:57,7,0,0
BRDA:57,7,1,0
BRDA:63,8,0,0
BRDA:63,8,1,0
BRDA:63,9,0,0
BRDA:63,9,1,0
BRDA:77,10,0,0
BRDA:77,10,1,0
BRDA:86,11,0,0
BRDA:86,11,1,4
BRDA:118,12,0,0
BRDA:118,12,1,0
BRDA:216,13,0,4
BRDA:216,13,1,0
BRDA:216,13,2,0
BRDA:222,14,0,0
BRDA:222,14,1,4
BRDA:244,15,0,0
BRDA:244,15,1,4
BRF:33
BRH:7
end_of_record
TN:
SF:src\app\register\page.tsx
FNF:0
FNH:0
DA:3,0
LF:1
LH:0
BRF:0
BRH:0
end_of_record
TN:
SF:src\app\simple\SimpleModePage.tsx
FN:25,SimpleModePage
FN:45,(anonymous_1)
FN:52,(anonymous_2)
FN:54,(anonymous_3)
FN:60,(anonymous_4)
FN:88,(anonymous_5)
FN:96,(anonymous_6)
FN:123,statusLabel
FN:182,(anonymous_8)
FNF:9
FNH:6
FNDA:8,SimpleModePage
FNDA:4,(anonymous_1)
FNDA:0,(anonymous_2)
FNDA:0,(anonymous_3)
FNDA:3,(anonymous_4)
FNDA:3,(anonymous_5)
FNDA:4,(anonymous_6)
FNDA:6,statusLabel
FNDA:0,(anonymous_8)
DA:1,1
DA:18,1
DA:26,8
DA:27,8
DA:31,8
DA:32,8
DA:33,8
DA:34,8
DA:37,8
DA:38,8
DA:42,8
DA:45,8
DA:46,4
DA:47,4
DA:48,3
DA:51,3
DA:52,3
DA:53,0
DA:54,0
DA:55,0
DA:56,0
DA:60,3
DA:62,3
DA:63,3
DA:64,0
DA:65,0
DA:66,0
DA:67,0
DA:73,3
DA:74,3
DA:75,3
DA:76,3
DA:77,3
DA:79,3
DA:80,0
DA:83,0
DA:84,0
DA:88,3
DA:95,8
DA:96,8
DA:98,4
DA:99,3
DA:100,3
DA:101,2
DA:107,2
DA:108,1
DA:109,1
DA:110,1
DA:111,1
DA:117,8
DA:124,6
DA:125,0
DA:126,0
DA:128,0
DA:129,0
DA:130,0
DA:131,0
DA:132,0
DA:133,0
DA:134,6
DA:138,8
DA:183,0
LF:62
LH:42
BRDA:27,0,0,8
BRDA:27,0,1,1
BRDA:31,1,0,7
BRDA:31,1,1,1
BRDA:35,2,0,7
BRDA:35,2,1,1
BRDA:46,3,0,0
BRDA:46,3,1,4
BRDA:47,4,0,1
BRDA:47,4,1,3
BRDA:53,5,0,0
BRDA:53,5,1,0
BRDA:64,6,0,0
BRDA:64,6,1,0
BRDA:75,7,0,3
BRDA:75,7,1,0
BRDA:79,8,0,0
BRDA:79,8,1,3
BRDA:79,9,0,3
BRDA:79,9,1,3
BRDA:80,10,0,0
BRDA:80,10,1,0
BRDA:98,11,0,1
BRDA:98,11,1,3
BRDA:100,12,0,2
BRDA:100,12,1,1
BRDA:108,13,0,1
BRDA:108,13,1,0
BRDA:110,14,0,1
BRDA:110,14,1,0
BRDA:124,15,0,0
BRDA:124,15,1,0
BRDA:124,15,2,0
BRDA:124,15,3,0
BRDA:124,15,4,0
BRDA:124,15,5,0
BRDA:124,15,6,0
BRDA:124,15,7,0
BRDA:124,15,8,0
BRDA:124,15,9,6
BRDA:160,16,0,8
BRDA:160,16,1,1
BRDA:166,17,0,8
BRDA:166,17,1,6
BRDA:188,18,0,6
BRDA:188,18,1,3
BRDA:199,19,0,6
BRDA:199,19,1,3
BRDA:210,20,0,8
BRDA:210,20,1,0
BRDA:215,21,0,8
BRDA:215,21,1,2
BRF:52
BRH:31
end_of_record
TN:
SF:src\app\simple\error.tsx
FN:3,SimpleError
FNF:1
FNH:0
FNDA:0,SimpleError
DA:1,0
DA:10,0
LF:2
LH:0
BRF:0
BRH:0
end_of_record
TN:
SF:src\app\simple\page.tsx
FN:12,SimplePage
FNF:1
FNH:0
FNDA:0,SimplePage
DA:5,0
DA:13,0
LF:2
LH:0
BRF:0
BRH:0
end_of_record
TN:
SF:src\app\simple\simple-mode-schema.tsx
FN:43,EntityCard
FN:50,(anonymous_1)
FN:64,buildNodes
FN:65,(anonymous_3)
FN:77,buildEdges
FN:78,(anonymous_5)
FN:89,mapSchemaToLocal
FN:106,(anonymous_7)
FN:109,(anonymous_8)
FN:126,(anonymous_9)
FN:128,(anonymous_10)
FN:134,(anonymous_11)
FNF:12
FNH:0
FNDA:0,EntityCard
FNDA:0,(anonymous_1)
FNDA:0,buildNodes
FNDA:0,(anonymous_3)
FNDA:0,buildEdges
FNDA:0,(anonymous_5)
FNDA:0,mapSchemaToLocal
FNDA:0,(anonymous_7)
FNDA:0,(anonymous_8)
FNDA:0,(anonymous_9)
FNDA:0,(anonymous_10)
FNDA:0,(anonymous_11)
DA:21,0
DA:23,0
DA:30,0
DA:36,0
DA:44,0
DA:51,0
DA:65,0
DA:66,0
DA:67,0
DA:78,0
DA:93,0
DA:106,0
DA:109,0
DA:116,0
DA:126,0
DA:127,0
DA:129,0
DA:130,0
DA:131,0
DA:132,0
DA:134,0
DA:136,0
LF:22
LH:0
BRDA:52,0,0,0
BRDA:52,0,1,0
BRDA:66,1,0,0
BRDA:66,1,1,0
BRDA:111,2,0,0
BRDA:111,2,1,0
BRDA:127,3,0,0
BRDA:127,3,1,0
BRDA:131,4,0,0
BRDA:131,4,1,0
BRDA:131,5,0,0
BRDA:131,5,1,0
BRDA:132,6,0,0
BRDA:132,6,1,0
BRF:14
BRH:0
end_of_record
TN:
SF:src\app\simple\hooks\use-schema-editor-draft.ts
FN:4,useSchemaEditorDraft
FN:5,(anonymous_1)
FN:6,(anonymous_2)
FN:8,updateEntity
FN:9,(anonymous_4)
FN:9,(anonymous_5)
FN:12,updateField
FN:13,(anonymous_7)
FN:14,(anonymous_8)
FN:16,(anonymous_9)
FN:22,addField
FN:23,(anonymous_11)
FN:24,(anonymous_12)
FN:30,removeField
FN:31,(anonymous_14)
FN:32,(anonymous_15)
FN:33,(anonymous_16)
FN:38,addEntity
FN:40,(anonymous_18)
FN:43,removeEntity
FN:45,(anonymous_20)
FN:45,(anonymous_21)
FN:46,(anonymous_22)
FN:46,(anonymous_23)
FN:49,addRelation
FN:51,(anonymous_25)
FN:54,updateRelation
FN:55,(anonymous_27)
FN:55,(anonymous_28)
FN:58,removeRelation
FN:59,(anonymous_30)
FN:59,(anonymous_31)
FNF:32
FNH:0
FNDA:0,useSchemaEditorDraft
FNDA:0,(anonymous_1)
FNDA:0,(anonymous_2)
FNDA:0,updateEntity
FNDA:0,(anonymous_4)
FNDA:0,(anonymous_5)
FNDA:0,updateField
FNDA:0,(anonymous_7)
FNDA:0,(anonymous_8)
FNDA:0,(anonymous_9)
FNDA:0,addField
FNDA:0,(anonymous_11)
FNDA:0,(anonymous_12)
FNDA:0,removeField
FNDA:0,(anonymous_14)
FNDA:0,(anonymous_15)
FNDA:0,(anonymous_16)
FNDA:0,addEntity
FNDA:0,(anonymous_18)
FNDA:0,removeEntity
FNDA:0,(anonymous_20)
FNDA:0,(anonymous_21)
FNDA:0,(anonymous_22)
FNDA:0,(anonymous_23)
FNDA:0,addRelation
FNDA:0,(anonymous_25)
FNDA:0,updateRelation
FNDA:0,(anonymous_27)
FNDA:0,(anonymous_28)
FNDA:0,removeRelation
FNDA:0,(anonymous_30)
FNDA:0,(anonymous_31)
DA:5,0
DA:6,0
DA:9,0
DA:13,0
DA:14,0
DA:15,0
DA:16,0
DA:23,0
DA:24,0
DA:25,0
DA:31,0
DA:32,0
DA:33,0
DA:39,0
DA:40,0
DA:44,0
DA:45,0
DA:46,0
DA:50,0
DA:51,0
DA:55,0
DA:59,0
DA:62,0
LF:23
LH:0
BRDA:9,0,0,0
BRDA:9,0,1,0
BRDA:15,1,0,0
BRDA:15,1,1,0
BRDA:16,2,0,0
BRDA:16,2,1,0
BRDA:25,3,0,0
BRDA:25,3,1,0
BRDA:33,4,0,0
BRDA:33,4,1,0
BRDA:46,5,0,0
BRDA:46,5,1,0
BRDA:50,6,0,0
BRDA:50,6,1,0
BRDA:55,7,0,0
BRDA:55,7,1,0
BRF:16
BRH:0
end_of_record
TN:
SF:src\app\solutions\page.tsx
FN:23,SolutionsIndexPage
FN:26,(anonymous_1)
FN:52,(anonymous_2)
FN:68,(anonymous_3)
FNF:4
FNH:0
FNDA:0,SolutionsIndexPage
FNDA:0,(anonymous_1)
FNDA:0,(anonymous_2)
FNDA:0,(anonymous_3)
DA:9,0
DA:24,0
DA:26,0
DA:33,0
DA:53,0
DA:69,0
LF:6
LH:0
BRDA:76,0,0,0
BRDA:76,0,1,0
BRF:2
BRH:0
end_of_record
TN:
SF:src\app\solutions\[vertical]\error.tsx
FN:6,SolutionPageError
FN:13,(anonymous_1)
FNF:2
FNH:0
FNDA:0,SolutionPageError
FNDA:0,(anonymous_1)
DA:1,0
DA:13,0
DA:14,0
DA:17,0
LF:4
LH:0
BRF:0
BRH:0
end_of_record
TN:
SF:src\app\solutions\[vertical]\page.tsx
FN:16,generateStaticParams
FN:17,(anonymous_1)
FN:20,generateMetadata
FN:44,SolutionPage
FNF:4
FNH:0
FNDA:0,generateStaticParams
FNDA:0,(anonymous_1)
FNDA:0,generateMetadata
FNDA:0,SolutionPage
DA:17,0
DA:21,0
DA:22,0
DA:23,0
DA:25,0
DA:45,0
DA:46,0
DA:47,0
DA:49,0
DA:51,0
DA:57,0
LF:11
LH:0
BRDA:23,0,0,0
BRDA:23,0,1,0
BRDA:47,1,0,0
BRDA:47,1,1,0
BRF:4
BRH:0
end_of_record
TN:
SF:src\app\story\page.tsx
FN:12,StoryPage
FNF:1
FNH:0
FNDA:0,StoryPage
DA:5,0
DA:13,0
LF:2
LH:0
BRF:0
BRH:0
end_of_record
TN:
SF:src\app\terms\page.tsx
FN:15,TermsPage
FNF:1
FNH:0
FNDA:0,TermsPage
DA:6,0
DA:13,0
DA:16,0
LF:3
LH:0
BRF:0
BRH:0
end_of_record
TN:
SF:src\components\alchemy-input.tsx
FN:88,AlchemyInput
FN:92,(anonymous_1)
FN:99,(anonymous_2)
FN:106,appendPrompt
FN:154,(anonymous_4)
FN:155,(anonymous_5)
FN:156,(anonymous_6)
FN:178,(anonymous_7)
FN:184,(anonymous_8)
FN:191,(anonymous_9)
FN:213,(anonymous_10)
FNF:11
FNH:0
FNDA:0,AlchemyInput
FNDA:0,(anonymous_1)
FNDA:0,(anonymous_2)
FNDA:0,appendPrompt
FNDA:0,(anonymous_4)
FNDA:0,(anonymous_5)
FNDA:0,(anonymous_6)
FNDA:0,(anonymous_7)
FNDA:0,(anonymous_8)
FNDA:0,(anonymous_9)
FNDA:0,(anonymous_10)
DA:1,0
DA:42,0
DA:89,0
DA:90,0
DA:92,0
DA:93,0
DA:94,0
DA:95,0
DA:99,0
DA:100,0
DA:101,0
DA:102,0
DA:107,0
DA:111,0
DA:112,0
DA:115,0
DA:154,0
DA:155,0
DA:156,0
DA:179,0
DA:185,0
DA:187,0
DA:191,0
DA:213,0
LF:24
LH:0
BRDA:93,0,0,0
BRDA:93,0,1,0
BRDA:100,1,0,0
BRDA:100,1,1,0
BRDA:100,2,0,0
BRDA:100,2,1,0
BRDA:100,2,2,0
BRDA:107,3,0,0
BRDA:107,3,1,0
BRDA:120,4,0,0
BRDA:120,4,1,0
BRDA:127,5,0,0
BRDA:127,5,1,0
BRDA:143,6,0,0
BRDA:143,6,1,0
BRDA:209,7,0,0
BRDA:209,7,1,0
BRDA:225,8,0,0
BRDA:225,8,1,0
BRDA:228,9,0,0
BRDA:228,9,1,0
BRDA:228,10,0,0
BRDA:228,10,1,0
BRDA:235,11,0,0
BRDA:235,11,1,0
BRDA:241,12,0,0
BRDA:241,12,1,0
BRDA:250,13,0,0
BRDA:250,13,1,0
BRF:29
BRH:0
end_of_record
TN:
SF:src\components\build-log-console.tsx
FN:11,BuildLogConsole
FNF:1
FNH:0
FNDA:0,BuildLogConsole
DA:1,1
DA:16,0
DA:17,0
DA:20,0
LF:4
LH:1
BRDA:13,0,0,0
BRDA:16,1,0,0
BRDA:16,1,1,0
BRDA:21,2,0,0
BRDA:21,2,1,0
BRF:5
BRH:0
end_of_record
TN:
SF:src\components\content-header.tsx
FN:12,ContentHeader
FNF:1
FNH:1
FNDA:2,ContentHeader
DA:13,2
LF:1
LH:1
BRF:0
BRH:0
end_of_record
TN:
SF:src\components\docs-markdown.tsx
FN:11,(anonymous_0)
FN:16,(anonymous_1)
FN:21,(anonymous_2)
FN:26,(anonymous_3)
FN:33,(anonymous_4)
FN:38,(anonymous_5)
FN:70,(anonymous_6)
FN:88,(anonymous_7)
FN:95,(anonymous_8)
FN:102,(anonymous_9)
FN:107,(anonymous_10)
FN:112,(anonymous_11)
FN:115,(anonymous_12)
FN:120,(anonymous_13)
FN:121,(anonymous_14)
FN:124,(anonymous_15)
FN:129,(anonymous_16)
FN:134,(anonymous_17)
FN:139,(anonymous_18)
FN:142,(anonymous_19)
FN:143,(anonymous_20)
FN:150,DocsMarkdown
FNF:22
FNH:0
FNDA:0,(anonymous_0)
FNDA:0,(anonymous_1)
FNDA:0,(anonymous_2)
FNDA:0,(anonymous_3)
FNDA:0,(anonymous_4)
FNDA:0,(anonymous_5)
FNDA:0,(anonymous_6)
FNDA:0,(anonymous_7)
FNDA:0,(anonymous_8)
FNDA:0,(anonymous_9)
FNDA:0,(anonymous_10)
FNDA:0,(anonymous_11)
FNDA:0,(anonymous_12)
FNDA:0,(anonymous_13)
FNDA:0,(anonymous_14)
FNDA:0,(anonymous_15)
FNDA:0,(anonymous_16)
FNDA:0,(anonymous_17)
FNDA:0,(anonymous_18)
FNDA:0,(anonymous_19)
FNDA:0,(anonymous_20)
FNDA:0,DocsMarkdown
DA:1,0
DA:9,0
DA:12,0
DA:17,0
DA:22,0
DA:27,0
DA:34,0
DA:39,0
DA:41,0
DA:48,0
DA:57,0
DA:72,0
DA:73,0
DA:74,0
DA:80,0
DA:89,0
DA:96,0
DA:103,0
DA:108,0
DA:112,0
DA:116,0
DA:120,0
DA:122,0
DA:125,0
DA:130,0
DA:135,0
DA:139,0
DA:142,0
DA:143,0
DA:151,0
LF:30
LH:0
BRDA:39,0,0,0
BRDA:39,0,1,0
BRDA:39,1,0,0
BRDA:39,1,1,0
BRDA:39,1,2,0
BRDA:41,2,0,0
BRDA:41,2,1,0
BRDA:43,3,0,0
BRDA:43,3,1,0
BRDA:45,4,0,0
BRDA:45,4,1,0
BRDA:73,5,0,0
BRDA:73,5,1,0
BRDA:75,6,0,0
BRDA:75,6,1,0
BRF:15
BRH:0
end_of_record
TN:
SF:src\components\docs-sidebar.tsx
FN:13,DocsSidebar
FN:18,(anonymous_1)
FN:20,(anonymous_2)
FN:34,(anonymous_3)
FNF:4
FNH:0
FNDA:0,DocsSidebar
FNDA:0,(anonymous_1)
FNDA:0,(anonymous_2)
FNDA:0,(anonymous_3)
DA:1,0
DA:8,0
DA:14,0
DA:16,0
DA:19,0
DA:20,0
DA:22,0
DA:35,0
DA:36,0
DA:38,0
LF:10
LH:0
BRDA:46,0,0,0
BRDA:46,0,1,0
BRDA:52,1,0,0
BRDA:52,1,1,0
BRDA:53,2,0,0
BRDA:53,2,1,0
BRF:6
BRH:0
end_of_record
TN:
SF:src\components\error-boundary.tsx
FN:36,(anonymous_0)
FN:26,getDerivedStateFromError
FN:30,componentDidCatch
FN:38,render
FN:47,DefaultFallback
FNF:5
FNH:0
FNDA:0,(anonymous_0)
FNDA:0,getDerivedStateFromError
FNDA:0,componentDidCatch
FNDA:0,render
FNDA:0,DefaultFallback
DA:1,0
DA:24,0
DA:27,0
DA:31,0
DA:32,0
DA:36,0
DA:39,0
DA:40,0
DA:41,0
DA:43,0
DA:48,0
LF:11
LH:0
BRDA:31,0,0,0
BRDA:31,0,1,0
BRDA:39,1,0,0
BRDA:39,1,1,0
BRDA:40,2,0,0
BRDA:40,2,1,0
BRF:6
BRH:0
end_of_record
TN:
SF:src\components\generation-error-panel.tsx
FN:22,(anonymous_0)
FN:33,(anonymous_1)
FN:43,(anonymous_2)
FN:66,(anonymous_3)
FN:76,(anonymous_4)
FN:86,(anonymous_5)
FN:130,GenerationErrorPanel
FN:189,(anonymous_7)
FNF:8
FNH:7
FNDA:2,(anonymous_0)
FNDA:0,(anonymous_1)
FNDA:3,(anonymous_2)
FNDA:1,(anonymous_3)
FNDA:1,(anonymous_4)
FNDA:2,(anonymous_5)
FNDA:17,GenerationErrorPanel
FNDA:2,(anonymous_7)
DA:1,3
DA:19,3
DA:23,2
DA:34,0
DA:44,3
DA:67,1
DA:77,1
DA:87,2
DA:139,17
DA:140,17
DA:141,17
DA:142,17
DA:143,17
DA:145,17
DA:146,17
DA:148,17
DA:190,2
LF:17
LH:16
BRDA:46,0,0,3
BRDA:46,0,1,1
BRDA:53,1,0,1
BRDA:53,1,1,1
BRDA:92,2,0,2
BRDA:92,2,1,2
BRDA:136,3,0,17
BRDA:139,4,0,17
BRDA:139,4,1,8
BRDA:139,4,2,8
BRDA:140,5,0,17
BRDA:140,5,1,15
BRDA:140,5,2,10
BRDA:141,6,0,17
BRDA:141,6,1,5
BRDA:142,7,0,17
BRDA:142,7,1,5
BRDA:145,8,0,9
BRDA:145,8,1,8
BRDA:146,9,0,17
BRDA:146,9,1,6
BRDA:146,10,0,5
BRDA:146,10,1,1
BRDA:159,11,0,17
BRDA:159,11,1,8
BRDA:162,12,0,9
BRDA:162,12,1,8
BRDA:164,13,0,8
BRDA:164,13,1,1
BRDA:169,14,0,17
BRDA:169,14,1,4
BRDA:175,15,0,1
BRDA:175,15,1,3
BRDA:180,16,0,1
BRDA:180,16,1,3
BRF:35
BRH:35
end_of_record
TN:
SF:src\components\logo.tsx
FN:4,Logo
FNF:1
FNH:1
FNDA:2,Logo
DA:5,2
LF:1
LH:1
BRDA:6,0,0,2
BRDA:6,0,1,2
BRF:2
BRH:2
end_of_record
TN:
SF:src\components\micro-ide-embed.tsx
FN:25,MicroIdeEmbed
FN:33,(anonymous_1)
FN:47,mount
FN:95,(anonymous_3)
FN:118,(anonymous_4)
FN:145,(anonymous_5)
FNF:6
FNH:0
FNDA:0,MicroIdeEmbed
FNDA:0,(anonymous_1)
FNDA:0,mount
FNDA:0,(anonymous_3)
FNDA:0,(anonymous_4)
FNDA:0,(anonymous_5)
DA:1,0
DA:29,0
DA:30,0
DA:31,0
DA:33,0
DA:34,0
DA:35,0
DA:36,0
DA:42,0
DA:43,0
DA:44,0
DA:45,0
DA:48,0
DA:50,0
DA:51,0
DA:53,0
DA:82,0
DA:84,0
DA:85,0
DA:86,0
DA:89,0
DA:94,0
DA:95,0
DA:96,0
DA:98,0
DA:102,0
DA:119,0
DA:145,0
LF:28
LH:0
BRDA:36,0,0,0
BRDA:36,0,1,0
BRDA:51,1,0,0
BRDA:51,1,1,0
BRDA:65,2,0,0
BRDA:65,2,1,0
BRDA:82,3,0,0
BRDA:82,3,1,0
BRDA:85,4,0,0
BRDA:85,4,1,0
BRDA:87,5,0,0
BRDA:87,5,1,0
BRDA:105,6,0,0
BRDA:105,6,1,0
BRDA:130,7,0,0
BRDA:130,7,1,0
BRDA:138,8,0,0
BRDA:138,8,1,0
BRDA:158,9,0,0
BRDA:158,9,1,0
BRF:20
BRH:0
end_of_record
TN:
SF:src\components\navbar-mobile-menu.tsx
FN:13,NavbarMobileMenu
FN:16,(anonymous_1)
FN:22,(anonymous_2)
FN:22,(anonymous_3)
FN:35,(anonymous_4)
FN:42,(anonymous_5)
FN:49,(anonymous_6)
FN:65,(anonymous_7)
FN:84,(anonymous_8)
FNF:9
FNH:0
FNDA:0,NavbarMobileMenu
FNDA:0,(anonymous_1)
FNDA:0,(anonymous_2)
FNDA:0,(anonymous_3)
FNDA:0,(anonymous_4)
FNDA:0,(anonymous_5)
FNDA:0,(anonymous_6)
FNDA:0,(anonymous_7)
FNDA:0,(anonymous_8)
DA:1,0
DA:14,0
DA:15,0
DA:16,0
DA:18,0
DA:22,0
DA:35,0
DA:42,0
DA:49,0
DA:65,0
DA:84,0
LF:11
LH:0
BRDA:24,0,0,0
BRDA:24,0,1,0
BRDA:27,1,0,0
BRDA:27,1,1,0
BRDA:30,2,0,0
BRDA:30,2,1,0
BRDA:56,3,0,0
BRDA:56,3,1,0
BRDA:58,4,0,0
BRDA:58,4,1,0
BRF:10
BRH:0
end_of_record
TN:
SF:src\components\navbar.tsx
FN:18,Navbar
FNF:1
FNH:0
FNDA:0,Navbar
DA:19,0
DA:21,0
LF:2
LH:0
BRDA:46,0,0,0
BRDA:46,0,1,0
BRDA:87,1,0,0
BRDA:87,1,1,0
BRF:4
BRH:0
end_of_record
TN:
SF:src\components\oauth-buttons.tsx
FN:21,OAuthButtons
FN:25,signIn
FN:58,(anonymous_2)
FN:72,(anonymous_3)
FN:87,GoogleIcon
FN:110,AppleIcon
FNF:6
FNH:0
FNDA:0,OAuthButtons
FNDA:0,signIn
FNDA:0,(anonymous_2)
FNDA:0,(anonymous_3)
FNDA:0,GoogleIcon
FNDA:0,AppleIcon
DA:1,0
DA:22,0
DA:23,0
DA:26,0
DA:27,0
DA:29,0
DA:30,0
DA:31,0
DA:32,0
DA:35,0
DA:44,0
DA:45,0
DA:46,0
DA:50,0
DA:58,0
DA:72,0
DA:88,0
DA:111,0
LF:18
LH:0
BRDA:29,0,0,0
BRDA:29,0,1,0
BRDA:44,1,0,0
BRDA:44,1,1,0
BRDA:52,2,0,0
BRDA:52,2,1,0
BRDA:62,3,0,0
BRDA:62,3,1,0
BRDA:76,4,0,0
BRDA:76,4,1,0
BRF:10
BRH:0
end_of_record
TN:
SF:src\components\page-header.tsx
FN:29,PageHeader
FNF:1
FNH:0
FNDA:0,PageHeader
DA:35,0
LF:1
LH:0
BRDA:33,0,0,0
BRF:1
BRH:0
end_of_record
TN:
SF:src\components\personalization-modal.tsx
FN:17,PaletteSwatch
FN:46,StepBigIdea
FN:58,applyMadLib
FN:79,(anonymous_3)
FN:90,(anonymous_4)
FN:106,(anonymous_5)
FN:116,(anonymous_6)
FN:126,(anonymous_7)
FN:145,(anonymous_8)
FN:165,(anonymous_9)
FN:196,StepVibeAndAudience
FN:212,(anonymous_11)
FN:219,(anonymous_12)
FN:246,(anonymous_13)
FN:253,(anonymous_14)
FN:284,StepColorScheme
FN:291,applyThemeSet
FN:292,(anonymous_17)
FN:308,(anonymous_18)
FN:309,(anonymous_19)
FN:315,(anonymous_20)
FN:351,(anonymous_21)
FN:356,(anonymous_22)
FN:383,StepDomainVocabulary
FN:417,(anonymous_24)
FN:425,(anonymous_25)
FN:485,StepInspirationAndComplexity
FN:494,toggleApp
FN:496,(anonymous_28)
FN:511,(anonymous_29)
FN:518,(anonymous_30)
FN:547,(anonymous_31)
FN:554,(anonymous_32)
FN:581,StepFeatureFlags
FN:590,patchFlags
FN:617,(anonymous_35)
FN:621,(anonymous_36)
FN:640,(anonymous_37)
FN:644,(anonymous_38)
FN:681,PersonalizationModal
FN:702,(anonymous_40)
FN:710,patchData
FN:712,(anonymous_42)
FN:721,requestClose
FN:747,(anonymous_44)
FN:771,(anonymous_45)
FN:771,(anonymous_46)
FN:779,(anonymous_47)
FN:779,(anonymous_48)
FN:811,(anonymous_49)
FN:814,(anonymous_50)
FNF:51
FNH:5
FNDA:0,PaletteSwatch
FNDA:5,StepBigIdea
FNDA:0,applyMadLib
FNDA:0,(anonymous_3)
FNDA:0,(anonymous_4)
FNDA:0,(anonymous_5)
FNDA:0,(anonymous_6)
FNDA:0,(anonymous_7)
FNDA:0,(anonymous_8)
FNDA:0,(anonymous_9)
FNDA:0,StepVibeAndAudience
FNDA:0,(anonymous_11)
FNDA:0,(anonymous_12)
FNDA:0,(anonymous_13)
FNDA:0,(anonymous_14)
FNDA:0,StepColorScheme
FNDA:0,applyThemeSet
FNDA:0,(anonymous_17)
FNDA:0,(anonymous_18)
FNDA:0,(anonymous_19)
FNDA:0,(anonymous_20)
FNDA:0,(anonymous_21)
FNDA:0,(anonymous_22)
FNDA:0,StepDomainVocabulary
FNDA:0,(anonymous_24)
FNDA:0,(anonymous_25)
FNDA:0,StepInspirationAndComplexity
FNDA:0,toggleApp
FNDA:0,(anonymous_28)
FNDA:0,(anonymous_29)
FNDA:0,(anonymous_30)
FNDA:0,(anonymous_31)
FNDA:0,(anonymous_32)
FNDA:0,StepFeatureFlags
FNDA:0,patchFlags
FNDA:0,(anonymous_35)
FNDA:0,(anonymous_36)
FNDA:0,(anonymous_37)
FNDA:0,(anonymous_38)
FNDA:5,PersonalizationModal
FNDA:5,(anonymous_40)
FNDA:0,patchData
FNDA:0,(anonymous_42)
FNDA:2,requestClose
FNDA:0,(anonymous_44)
FNDA:0,(anonymous_45)
FNDA:0,(anonymous_46)
FNDA:0,(anonymous_47)
FNDA:0,(anonymous_48)
FNDA:30,(anonymous_49)
FNDA:0,(anonymous_50)
DA:1,2
DA:22,0
DA:53,5
DA:54,5
DA:55,5
DA:56,5
DA:59,0
DA:60,0
DA:63,0
DA:64,0
DA:68,5
DA:79,0
DA:90,0
DA:106,0
DA:116,0
DA:126,0
DA:145,0
DA:165,0
DA:175,2
DA:184,2
DA:203,0
DA:213,0
DA:214,0
DA:215,0
DA:219,0
DA:247,0
DA:248,0
DA:249,0
DA:253,0
DA:275,2
DA:292,0
DA:293,0
DA:296,0
DA:309,0
DA:310,0
DA:311,0
DA:315,0
DA:352,0
DA:356,0
DA:392,0
DA:393,0
DA:398,0
DA:411,0
DA:418,0
DA:425,0
DA:439,2
DA:458,2
DA:492,0
DA:495,0
DA:496,0
DA:497,0
DA:498,0
DA:502,0
DA:512,0
DA:513,0
DA:514,0
DA:518,0
DA:548,0
DA:549,0
DA:550,0
DA:554,0
DA:588,0
DA:591,0
DA:594,0
DA:601,0
DA:608,0
DA:618,0
DA:621,0
DA:641,0
DA:644,0
DA:672,2
DA:701,5
DA:702,5
DA:707,5
DA:708,5
DA:711,0
DA:712,0
DA:713,0
DA:714,0
DA:715,0
DA:722,2
DA:723,0
DA:725,2
DA:729,5
DA:747,0
DA:771,0
DA:779,0
DA:812,30
DA:814,0
LF:89
LH:20
BRDA:28,0,0,0
BRDA:28,0,1,0
BRDA:40,1,0,0
BRDA:40,1,1,0
BRDA:59,2,0,0
BRDA:59,2,1,0
BRDA:59,3,0,0
BRDA:59,3,1,0
BRDA:60,4,0,0
BRDA:60,4,1,0
BRDA:78,5,0,5
BRDA:78,5,1,0
BRDA:93,6,0,0
BRDA:93,6,1,5
BRDA:97,7,0,0
BRDA:97,7,1,5
BRDA:135,8,0,0
BRDA:135,8,1,0
BRDA:152,9,0,5
BRDA:152,9,1,0
BRDA:164,10,0,5
BRDA:164,10,1,0
BRDA:222,11,0,0
BRDA:222,11,1,0
BRDA:229,12,0,0
BRDA:229,12,1,0
BRDA:232,13,0,0
BRDA:232,13,1,0
BRDA:256,14,0,0
BRDA:256,14,1,0
BRDA:261,15,0,0
BRDA:261,15,1,0
BRDA:262,16,0,0
BRDA:262,16,1,0
BRDA:292,17,0,0
BRDA:292,17,1,0
BRDA:310,18,0,0
BRDA:310,18,1,0
BRDA:318,19,0,0
BRDA:318,19,1,0
BRDA:324,20,0,0
BRDA:324,20,1,0
BRDA:334,21,0,0
BRDA:334,21,1,0
BRDA:392,22,0,0
BRDA:392,22,1,0
BRDA:424,23,0,0
BRDA:424,23,1,0
BRDA:428,24,0,0
BRDA:428,24,1,0
BRDA:492,25,0,0
BRDA:492,25,1,0
BRDA:495,26,0,0
BRDA:495,26,1,0
BRDA:497,27,0,0
BRDA:497,27,1,0
BRDA:513,28,0,0
BRDA:513,28,1,0
BRDA:522,29,0,0
BRDA:522,29,1,0
BRDA:524,30,0,0
BRDA:524,30,1,0
BRDA:535,31,0,0
BRDA:535,31,1,0
BRDA:557,32,0,0
BRDA:557,32,1,0
BRDA:565,33,0,0
BRDA:565,33,1,0
BRDA:566,34,0,0
BRDA:566,34,1,0
BRDA:624,35,0,0
BRDA:624,35,1,0
BRDA:630,36,0,0
BRDA:630,36,1,0
BRDA:656,37,0,0
BRDA:656,37,1,0
BRDA:660,38,0,0
BRDA:660,38,1,0
BRDA:705,39,0,5
BRDA:705,39,1,0
BRDA:722,40,0,0
BRDA:722,40,1,2
BRDA:742,41,0,0
BRDA:742,41,1,5
BRDA:769,42,0,5
BRDA:769,42,1,0
BRDA:777,43,0,5
BRDA:777,43,1,0
BRDA:816,44,0,5
BRDA:816,44,1,25
BRDA:819,45,0,5
BRDA:819,45,1,25
BRDA:821,46,0,0
BRDA:821,46,1,25
BRDA:832,47,0,5
BRDA:832,47,1,5
BRDA:833,48,0,5
BRDA:833,48,1,0
BRDA:834,49,0,5
BRDA:834,49,1,0
BRDA:835,50,0,5
BRDA:835,50,1,0
BRDA:836,51,0,5
BRDA:836,51,1,0
BRDA:837,52,0,5
BRDA:837,52,1,0
BRF:106
BRH:22
end_of_record
TN:
SF:src\components\test-site-banner.tsx
FN:8,TestSiteBanner
FNF:1
FNH:0
FNDA:0,TestSiteBanner
DA:9,0
DA:11,0
DA:14,0
DA:15,0
DA:16,0
DA:17,0
DA:18,0
DA:31,0
LF:8
LH:0
BRDA:9,0,0,0
BRDA:9,0,1,0
BRDA:11,1,0,0
BRDA:11,1,1,0
BRDA:17,2,0,0
BRDA:17,2,1,0
BRDA:39,3,0,0
BRDA:39,3,1,0
BRF:8
BRH:0
end_of_record
TN:
SF:src\components\home\background-effects.tsx
FN:1,BackgroundEffects
FNF:1
FNH:0
FNDA:0,BackgroundEffects
DA:2,0
LF:1
LH:0
BRF:0
BRH:0
end_of_record
TN:
SF:src\components\home\cta-section.tsx
FN:5,CtaSection
FN:18,(anonymous_1)
FNF:2
FNH:0
FNDA:0,CtaSection
FNDA:0,(anonymous_1)
DA:1,0
DA:6,0
DA:18,0
LF:3
LH:0
BRF:0
BRH:0
end_of_record
TN:
SF:src\components\home\example-apps-section.tsx
FN:133,ExampleAppsSection
FN:153,(anonymous_1)
FN:168,(anonymous_2)
FN:187,(anonymous_3)
FNF:4
FNH:0
FNDA:0,ExampleAppsSection
FNDA:0,(anonymous_1)
FNDA:0,(anonymous_2)
FNDA:0,(anonymous_3)
DA:22,0
DA:134,0
DA:154,0
DA:155,0
DA:169,0
DA:187,0
LF:6
LH:0
BRF:0
BRH:0
end_of_record
TN:
SF:src\components\home\faq-section.tsx
FN:24,FaqSection
FN:38,(anonymous_1)
FNF:2
FNH:0
FNDA:0,FaqSection
FNDA:0,(anonymous_1)
DA:1,0
DA:25,0
DA:39,0
LF:3
LH:0
BRF:0
BRH:0
end_of_record
TN:
SF:src\components\home\features-section.tsx
FN:42,FeaturesSection
FN:62,(anonymous_1)
FNF:2
FNH:0
FNDA:0,FeaturesSection
FNDA:0,(anonymous_1)
DA:3,0
DA:43,0
DA:63,0
DA:64,0
LF:4
LH:0
BRF:0
BRH:0
end_of_record
TN:
SF:src\components\home\hero-section.tsx
FN:1,HeroSection
FN:38,(anonymous_1)
FNF:2
FNH:0
FNDA:0,HeroSection
FNDA:0,(anonymous_1)
DA:2,0
DA:39,0
LF:2
LH:0
BRF:0
BRH:0
end_of_record
TN:
SF:src\components\home\home-footer.tsx
FN:4,HomeFooter
FNF:1
FNH:0
FNDA:0,HomeFooter
DA:5,0
LF:1
LH:0
BRF:0
BRH:0
end_of_record
TN:
SF:src\components\home\home-nav.tsx
FN:9,HomeNav
FN:13,(anonymous_1)
FN:47,(anonymous_2)
FN:58,(anonymous_3)
FN:59,(anonymous_4)
FN:60,(anonymous_5)
FN:61,(anonymous_6)
FN:62,(anonymous_7)
FNF:8
FNH:0
FNDA:0,HomeNav
FNDA:0,(anonymous_1)
FNDA:0,(anonymous_2)
FNDA:0,(anonymous_3)
FNDA:0,(anonymous_4)
FNDA:0,(anonymous_5)
FNDA:0,(anonymous_6)
FNDA:0,(anonymous_7)
DA:1,0
DA:10,0
DA:13,0
DA:15,0
DA:47,0
DA:58,0
DA:59,0
DA:60,0
DA:61,0
DA:62,0
LF:10
LH:0
BRDA:48,0,0,0
BRDA:48,0,1,0
BRDA:51,1,0,0
BRDA:51,1,1,0
BRDA:56,2,0,0
BRDA:56,2,1,0
BRF:6
BRH:0
end_of_record
TN:
SF:src\components\home\launch-console.tsx
FN:11,LaunchConsole
FN:21,(anonymous_1)
FN:26,handleSubmit
FN:74,(anonymous_3)
FN:85,(anonymous_4)
FN:165,(anonymous_5)
FNF:6
FNH:0
FNDA:0,LaunchConsole
FNDA:0,(anonymous_1)
FNDA:0,handleSubmit
FNDA:0,(anonymous_3)
FNDA:0,(anonymous_4)
FNDA:0,(anonymous_5)
DA:1,0
DA:12,0
DA:13,0
DA:18,0
DA:21,0
DA:24,0
DA:27,0
DA:28,0
DA:29,0
DA:31,0
DA:32,0
DA:35,0
DA:74,0
DA:85,0
DA:166,0
LF:15
LH:0
BRDA:27,0,0,0
BRDA:27,0,1,0
BRDA:31,1,0,0
BRDA:31,1,1,0
BRDA:60,2,0,0
BRDA:60,2,1,0
BRDA:77,3,0,0
BRDA:77,3,1,0
BRDA:88,4,0,0
BRDA:88,4,1,0
BRDA:99,5,0,0
BRDA:99,5,1,0
BRDA:102,6,0,0
BRDA:102,6,1,0
BRDA:104,7,0,0
BRDA:104,7,1,0
BRDA:119,8,0,0
BRDA:119,8,1,0
BRDA:119,8,2,0
BRF:19
BRH:0
end_of_record
TN:
SF:src\components\home\pricing-section.tsx
FN:62,PricingSection
FN:83,(anonymous_1)
FN:113,(anonymous_2)
FNF:3
FNH:0
FNDA:0,PricingSection
FNDA:0,(anonymous_1)
FNDA:0,(anonymous_2)
DA:4,0
DA:63,0
DA:84,0
DA:114,0
LF:4
LH:0
BRDA:87,0,0,0
BRDA:87,0,1,0
BRDA:92,1,0,0
BRDA:92,1,1,0
BRDA:124,2,0,0
BRDA:124,2,1,0
BRF:6
BRH:0
end_of_record
TN:
SF:src\components\ui\alert.tsx
FN:40,Alert
FNF:1
FNH:1
FNDA:15,Alert
DA:12,7
DA:27,7
DA:41,15
DA:43,15
DA:45,15
LF:5
LH:5
BRDA:41,0,0,15
BRDA:41,0,1,1
BRDA:43,1,0,6
BRDA:43,1,1,9
BRDA:47,2,0,1
BRDA:47,2,1,14
BRDA:47,3,0,14
BRDA:47,3,1,13
BRF:8
BRH:8
end_of_record
TN:
SF:src\components\ui\button.tsx
FN:30,Button
FNF:1
FNH:1
FNDA:42,Button
DA:6,6
DA:31,42
LF:2
LH:2
BRF:0
BRH:0
end_of_record
TN:
SF:src\components\ui\cluster.tsx
FN:12,Cluster
FNF:1
FNH:1
FNDA:66,Cluster
DA:5,6
DA:18,66
LF:2
LH:2
BRDA:13,0,0,66
BRDA:14,1,0,66
BRF:2
BRH:2
end_of_record
TN:
SF:src\components\ui\field.tsx
FN:6,Field
FNF:1
FNH:0
FNDA:0,Field
DA:19,0
LF:1
LH:0
BRDA:21,0,0,0
BRDA:21,0,1,0
BRDA:23,1,0,0
BRDA:23,1,1,0
BRF:4
BRH:0
end_of_record
TN:
SF:src\components\ui\index.ts
FNF:0
FNH:0
LF:0
LH:0
BRF:0
BRH:0
end_of_record
TN:
SF:src\components\ui\label.tsx
FN:7,Label
FN:12,Eyebrow
FNF:2
FNH:2
FNDA:17,Label
FNDA:34,Eyebrow
DA:5,6
DA:8,17
DA:13,34
LF:3
LH:3
BRF:0
BRH:0
end_of_record
TN:
SF:src\components\ui\modal.tsx
FN:24,lockBodyScroll
FN:29,unlockBodyScroll
FN:52,Modal
FN:68,(anonymous_3)
FN:72,(anonymous_4)
FN:77,(anonymous_5)
FN:104,(anonymous_6)
FN:113,(anonymous_7)
FNF:8
FNH:8
FNDA:20,lockBodyScroll
FNDA:20,unlockBodyScroll
FNDA:23,Modal
FNDA:23,(anonymous_3)
FNDA:20,(anonymous_4)
FNDA:8,(anonymous_5)
FNDA:20,(anonymous_6)
FNDA:5,(anonymous_7)
DA:1,8
DA:22,8
DA:25,20
DA:26,20
DA:30,20
DA:31,20
DA:35,8
DA:63,23
DA:64,23
DA:67,23
DA:68,23
DA:69,23
DA:72,23
DA:73,20
DA:74,20
DA:75,20
DA:77,20
DA:78,8
DA:79,5
DA:80,5
DA:81,5
DA:83,3
DA:85,2
DA:86,2
DA:87,0
DA:88,0
DA:90,2
DA:91,2
DA:92,2
DA:94,2
DA:95,1
DA:96,1
DA:97,1
DA:98,1
DA:99,1
DA:103,20
DA:104,20
DA:105,20
DA:106,20
DA:107,20
DA:113,23
DA:114,5
DA:118,23
DA:162,23
LF:44
LH:42
BRDA:25,0,0,19
BRDA:25,0,1,1
BRDA:31,1,0,19
BRDA:31,1,1,1
BRDA:56,2,0,23
BRDA:57,3,0,23
BRDA:78,4,0,5
BRDA:78,4,1,3
BRDA:83,5,0,1
BRDA:83,5,1,2
BRDA:83,6,0,3
BRDA:83,6,1,2
BRDA:86,7,0,0
BRDA:86,7,1,2
BRDA:94,8,0,1
BRDA:94,8,1,1
BRDA:94,9,0,2
BRDA:94,9,1,1
BRDA:94,9,2,0
BRDA:97,10,0,1
BRDA:97,10,1,0
BRDA:97,11,0,1
BRDA:97,11,1,1
BRDA:114,12,0,1
BRDA:114,12,1,4
BRDA:121,13,0,14
BRDA:121,13,1,9
BRDA:124,14,0,22
BRDA:124,14,1,1
BRDA:130,15,0,23
BRDA:130,15,1,0
BRDA:135,16,0,5
BRDA:135,16,1,18
BRDA:139,17,0,23
BRDA:139,17,1,23
BRDA:155,18,0,23
BRDA:155,18,1,5
BRF:37
BRH:33
end_of_record
TN:
SF:src\components\ui\panel.tsx
FN:7,Panel
FNF:1
FNH:1
FNDA:17,Panel
DA:4,6
DA:12,17
LF:2
LH:2
BRDA:8,0,0,17
BRF:1
BRH:1
end_of_record
TN:
SF:src\components\ui\select.tsx
FN:8,Select
FNF:1
FNH:1
FNDA:49,Select
DA:6,6
DA:13,49
LF:2
LH:2
BRDA:9,0,0,49
BRF:1
BRH:1
end_of_record
TN:
SF:src\components\ui\spacing.ts
FNF:0
FNH:0
DA:8,6
LF:1
LH:1
BRF:0
BRH:0
end_of_record
TN:
SF:src\components\ui\stack.tsx
FN:6,Stack
FNF:1
FNH:1
FNDA:76,Stack
DA:11,76
LF:1
LH:1
BRDA:7,0,0,76
BRF:1
BRH:1
end_of_record
TN:
SF:src\components\ui\text-input.tsx
FN:13,TextInput
FNF:1
FNH:1
FNDA:66,TextInput
DA:5,6
DA:11,6
DA:18,66
LF:3
LH:3
BRDA:14,0,0,66
BRF:1
BRH:1
end_of_record
TN:
SF:src\components\ui\toggle.tsx
FN:5,Toggle
FNF:1
FNH:1
FNDA:49,Toggle
DA:10,49
LF:1
LH:1
BRF:0
BRH:0
end_of_record
TN:
SF:src\components\workspace\app-header.tsx
FN:5,AppHeader
FNF:1
FNH:0
FNDA:0,AppHeader
DA:6,0
LF:1
LH:0
BRDA:23,0,0,0
BRDA:23,0,1,0
BRF:2
BRH:0
end_of_record
TN:
SF:src\components\workspace\app-shell.tsx
FN:8,AppShell
FNF:1
FNH:0
FNDA:0,AppShell
DA:15,0
LF:1
LH:0
BRF:0
BRH:0
end_of_record
TN:
SF:src\components\workspace\context-panel.tsx
FN:16,ContextPanel
FN:46,(anonymous_1)
FN:46,(anonymous_2)
FNF:3
FNH:1
FNDA:19,ContextPanel
FNDA:0,(anonymous_1)
FNDA:0,(anonymous_2)
DA:1,1
DA:29,19
DA:31,19
DA:46,0
LF:4
LH:3
BRDA:20,0,0,19
BRDA:50,1,0,0
BRDA:50,1,1,19
BRDA:57,2,0,0
BRDA:57,2,1,19
BRF:5
BRH:3
end_of_record
TN:
SF:src\components\workspace\index.ts
FNF:0
FNH:0
LF:0
LH:0
BRF:0
BRH:0
end_of_record
TN:
SF:src\components\workspace\step-rail.tsx
FN:16,StepRail
FN:40,(anonymous_1)
FN:40,(anonymous_2)
FN:48,(anonymous_3)
FN:56,(anonymous_4)
FNF:5
FNH:2
FNDA:19,StepRail
FNDA:0,(anonymous_1)
FNDA:0,(anonymous_2)
FNDA:95,(anonymous_3)
FNDA:0,(anonymous_4)
DA:1,1
DA:27,19
DA:29,19
DA:40,0
DA:49,95
DA:50,95
DA:51,95
DA:52,95
DA:56,0
LF:9
LH:7
BRDA:20,0,0,19
BRDA:35,1,0,19
BRDA:35,1,1,0
BRDA:42,2,0,19
BRDA:42,2,1,0
BRDA:45,3,0,19
BRDA:45,3,1,0
BRDA:58,4,0,19
BRDA:58,4,1,76
BRDA:62,5,0,19
BRDA:62,5,1,76
BRDA:64,6,0,8
BRDA:64,6,1,68
BRDA:72,7,0,19
BRDA:72,7,1,76
BRDA:74,8,0,8
BRDA:74,8,1,68
BRDA:79,9,0,8
BRDA:79,9,1,87
BRDA:81,10,0,95
BRDA:81,10,1,95
BRF:21
BRH:18
end_of_record
TN:
SF:src\components\workspace\wizard-footer.tsx
FN:12,WizardFooter
FNF:1
FNH:1
FNDA:19,WizardFooter
DA:1,1
DA:33,19
DA:34,19
LF:3
LH:3
BRDA:15,0,0,19
BRDA:19,1,0,19
BRDA:21,2,0,19
BRDA:37,3,0,2
BRDA:37,3,1,17
BRDA:52,4,0,2
BRDA:52,4,1,17
BRF:7
BRH:7
end_of_record
TN:
SF:src\components\workspace\workspace.tsx
FN:9,Workspace
FNF:1
FNH:1
FNDA:19,Workspace
DA:16,19
LF:1
LH:1
BRF:0
BRH:0
end_of_record
TN:
SF:src\lib\actions.ts
FN:37,engineHeaders
FN:50,sanitizePrompt
FN:60,resolveEngineUrl
FN:73,normalizePreferredModel
FN:77,getByokEncryptionSecret
FN:81,encryptApiKeyOverride
FN:96,parseOptionalApiKey
FN:109,getProfileSettings
FN:148,saveProfileSettings
FN:235,currentMonthStartUtc
FN:241,nextMonthStartUtc
FN:247,nextResetLabel
FN:257,countFreeGenerationsThisMonth
FN:277,submitSimpleGeneration
FN:394,extractSchema
FN:407,(anonymous_15)
FN:420,(anonymous_16)
FN:442,submitAdvancedGeneration
FN:479,(anonymous_18)
FN:576,getFreeQuotaStatus
FN:614,getGeneration
FN:652,retryGeneration
FN:723,createPendingGeneration
FN:745,(anonymous_23)
FN:789,createCheckoutSession
FN:841,(anonymous_25)
FN:861,getMyGenerations
FNF:27
FNH:0
FNDA:0,engineHeaders
FNDA:0,sanitizePrompt
FNDA:0,resolveEngineUrl
FNDA:0,normalizePreferredModel
FNDA:0,getByokEncryptionSecret
FNDA:0,encryptApiKeyOverride
FNDA:0,parseOptionalApiKey
FNDA:0,getProfileSettings
FNDA:0,saveProfileSettings
FNDA:0,currentMonthStartUtc
FNDA:0,nextMonthStartUtc
FNDA:0,nextResetLabel
FNDA:0,countFreeGenerationsThisMonth
FNDA:0,submitSimpleGeneration
FNDA:0,extractSchema
FNDA:0,(anonymous_15)
FNDA:0,(anonymous_16)
FNDA:0,submitAdvancedGeneration
FNDA:0,(anonymous_18)
FNDA:0,getFreeQuotaStatus
FNDA:0,getGeneration
FNDA:0,retryGeneration
FNDA:0,createPendingGeneration
FNDA:0,(anonymous_23)
FNDA:0,createCheckoutSession
FNDA:0,(anonymous_25)
FNDA:0,getMyGenerations
DA:1,0
DA:25,0
DA:26,0
DA:38,0
DA:39,0
DA:40,0
DA:41,0
DA:52,0
DA:54,0
DA:56,0
DA:57,0
DA:61,0
DA:62,0
DA:63,0
DA:66,0
DA:67,0
DA:70,0
DA:74,0
DA:78,0
DA:82,0
DA:83,0
DA:84,0
DA:87,0
DA:88,0
DA:89,0
DA:90,0
DA:91,0
DA:93,0
DA:97,0
DA:98,0
DA:99,0
DA:102,0
DA:110,0
DA:111,0
DA:112,0
DA:120,0
DA:121,0
DA:123,0
DA:124,0
DA:131,0
DA:137,0
DA:138,0
DA:141,0
DA:152,0
DA:153,0
DA:154,0
DA:157,0
DA:158,0
DA:161,0
DA:162,0
DA:166,0
DA:167,0
DA:170,0
DA:171,0
DA:173,0
DA:174,0
DA:178,0
DA:179,0
DA:181,0
DA:182,0
DA:189,0
DA:190,0
DA:192,0
DA:193,0
DA:196,0
DA:203,0
DA:207,0
DA:208,0
DA:209,0
DA:212,0
DA:214,0
DA:231,0
DA:236,0
DA:237,0
DA:242,0
DA:243,0
DA:248,0
DA:261,0
DA:268,0
DA:271,0
DA:272,0
DA:274,0
DA:283,0
DA:284,0
DA:285,0
DA:287,0
DA:289,0
DA:290,0
DA:291,0
DA:300,0
DA:301,0
DA:303,0
DA:304,0
DA:309,0
DA:310,0
DA:311,0
DA:316,0
DA:317,0
DA:318,0
DA:319,0
DA:327,0
DA:346,0
DA:347,0
DA:348,0
DA:351,0
DA:354,0
DA:355,0
DA:364,0
DA:365,0
DA:371,0
DA:372,0
DA:373,0
DA:377,0
DA:381,0
DA:398,0
DA:399,0
DA:406,0
DA:407,0
DA:409,0
DA:410,0
DA:411,0
DA:417,0
DA:419,0
DA:420,0
DA:421,0
DA:424,0
DA:425,0
DA:427,0
DA:428,0
DA:429,0
DA:431,0
DA:432,0
DA:448,0
DA:449,0
DA:452,0
DA:453,0
DA:454,0
DA:462,0
DA:463,0
DA:464,0
DA:470,0
DA:471,0
DA:473,0
DA:474,0
DA:479,0
DA:484,0
DA:485,0
DA:486,0
DA:491,0
DA:492,0
DA:493,0
DA:494,0
DA:502,0
DA:521,0
DA:522,0
DA:523,0
DA:526,0
DA:529,0
DA:530,0
DA:539,0
DA:540,0
DA:546,0
DA:547,0
DA:548,0
DA:551,0
DA:554,0
DA:577,0
DA:585,0
DA:586,0
DA:589,0
DA:590,0
DA:591,0
DA:595,0
DA:596,0
DA:598,0
DA:601,0
DA:602,0
DA:615,0
DA:617,0
DA:618,0
DA:619,0
DA:622,0
DA:623,0
DA:628,0
DA:629,0
DA:631,0
DA:632,0
DA:634,0
DA:640,0
DA:641,0
DA:642,0
DA:645,0
DA:655,0
DA:656,0
DA:661,0
DA:662,0
DA:664,0
DA:665,0
DA:668,0
DA:674,0
DA:675,0
DA:678,0
DA:679,0
DA:682,0
DA:683,0
DA:687,0
DA:693,0
DA:694,0
DA:704,0
DA:705,0
DA:711,0
DA:714,0
DA:731,0
DA:732,0
DA:736,0
DA:737,0
DA:739,0
DA:740,0
DA:744,0
DA:745,0
DA:751,0
DA:752,0
DA:753,0
DA:756,0
DA:775,0
DA:776,0
DA:777,0
DA:780,0
DA:797,0
DA:798,0
DA:802,0
DA:803,0
DA:807,0
DA:808,0
DA:809,0
DA:814,0
DA:816,0
DA:821,0
DA:826,0
DA:827,0
DA:840,0
DA:841,0
DA:842,0
DA:843,0
DA:846,0
DA:847,0
DA:849,0
DA:850,0
DA:862,0
DA:863,0
DA:865,0
DA:868,0
DA:869,0
DA:871,0
DA:872,0
DA:875,0
DA:882,0
DA:883,0
DA:884,0
DA:887,0
LF:260
LH:0
BRDA:40,0,0,0
BRDA:40,0,1,0
BRDA:50,1,0,0
BRDA:56,2,0,0
BRDA:56,2,1,0
BRDA:62,3,0,0
BRDA:62,3,1,0
BRDA:66,4,0,0
BRDA:66,4,1,0
BRDA:74,5,0,0
BRDA:74,5,1,0
BRDA:74,6,0,0
BRDA:74,6,1,0
BRDA:78,7,0,0
BRDA:78,7,1,0
BRDA:78,7,2,0
BRDA:83,8,0,0
BRDA:83,8,1,0
BRDA:98,9,0,0
BRDA:98,9,1,0
BRDA:111,10,0,0
BRDA:111,10,1,0
BRDA:111,11,0,0
BRDA:111,11,1,0
BRDA:113,12,0,0
BRDA:113,12,1,0
BRDA:125,13,0,0
BRDA:125,13,1,0
BRDA:137,14,0,0
BRDA:137,14,1,0
BRDA:142,15,0,0
BRDA:142,15,1,0
BRDA:142,15,2,0
BRDA:153,16,0,0
BRDA:153,16,1,0
BRDA:157,17,0,0
BRDA:157,17,1,0
BRDA:162,18,0,0
BRDA:162,18,1,0
BRDA:166,19,0,0
BRDA:166,19,1,0
BRDA:173,20,0,0
BRDA:173,20,1,0
BRDA:173,21,0,0
BRDA:173,21,1,0
BRDA:179,22,0,0
BRDA:179,22,1,0
BRDA:179,23,0,0
BRDA:179,23,1,0
BRDA:198,24,0,0
BRDA:198,24,1,0
BRDA:200,25,0,0
BRDA:200,25,1,0
BRDA:207,26,0,0
BRDA:207,26,1,0
BRDA:216,27,0,0
BRDA:216,27,1,0
BRDA:218,28,0,0
BRDA:218,28,1,0
BRDA:268,29,0,0
BRDA:268,29,1,0
BRDA:274,30,0,0
BRDA:274,30,1,0
BRDA:280,31,0,0
BRDA:284,32,0,0
BRDA:284,32,1,0
BRDA:289,33,0,0
BRDA:289,33,1,0
BRDA:289,34,0,0
BRDA:289,34,1,0
BRDA:289,34,2,0
BRDA:310,35,0,0
BRDA:310,35,1,0
BRDA:316,36,0,0
BRDA:316,36,1,0
BRDA:318,37,0,0
BRDA:318,37,1,0
BRDA:336,38,0,0
BRDA:336,38,1,0
BRDA:346,39,0,0
BRDA:346,39,1,0
BRDA:346,40,0,0
BRDA:346,40,1,0
BRDA:361,41,0,0
BRDA:361,41,1,0
BRDA:371,42,0,0
BRDA:371,42,1,0
BRDA:398,43,0,0
BRDA:398,43,1,0
BRDA:398,44,0,0
BRDA:398,44,1,0
BRDA:419,45,0,0
BRDA:419,45,1,0
BRDA:421,46,0,0
BRDA:421,46,1,0
BRDA:428,47,0,0
BRDA:428,47,1,0
BRDA:428,48,0,0
BRDA:428,48,1,0
BRDA:445,49,0,0
BRDA:448,50,0,0
BRDA:448,50,1,0
BRDA:448,51,0,0
BRDA:448,51,1,0
BRDA:452,52,0,0
BRDA:452,52,1,0
BRDA:452,53,0,0
BRDA:452,53,1,0
BRDA:452,53,2,0
BRDA:463,54,0,0
BRDA:463,54,1,0
BRDA:485,55,0,0
BRDA:485,55,1,0
BRDA:491,56,0,0
BRDA:491,56,1,0
BRDA:493,57,0,0
BRDA:493,57,1,0
BRDA:511,58,0,0
BRDA:511,58,1,0
BRDA:521,59,0,0
BRDA:521,59,1,0
BRDA:521,60,0,0
BRDA:521,60,1,0
BRDA:536,61,0,0
BRDA:536,61,1,0
BRDA:546,62,0,0
BRDA:546,62,1,0
BRDA:585,63,0,0
BRDA:585,63,1,0
BRDA:585,64,0,0
BRDA:585,64,1,0
BRDA:590,65,0,0
BRDA:590,65,1,0
BRDA:617,66,0,0
BRDA:617,66,1,0
BRDA:617,67,0,0
BRDA:617,67,1,0
BRDA:617,67,2,0
BRDA:618,68,0,0
BRDA:618,68,1,0
BRDA:622,69,0,0
BRDA:622,69,1,0
BRDA:640,70,0,0
BRDA:640,70,1,0
BRDA:655,71,0,0
BRDA:655,71,1,0
BRDA:655,72,0,0
BRDA:655,72,1,0
BRDA:655,72,2,0
BRDA:674,73,0,0
BRDA:674,73,1,0
BRDA:674,74,0,0
BRDA:674,74,1,0
BRDA:678,75,0,0
BRDA:678,75,1,0
BRDA:682,76,0,0
BRDA:682,76,1,0
BRDA:698,77,0,0
BRDA:698,77,1,0
BRDA:699,78,0,0
BRDA:699,78,1,0
BRDA:700,79,0,0
BRDA:700,79,1,0
BRDA:701,80,0,0
BRDA:701,80,1,0
BRDA:728,81,0,0
BRDA:731,82,0,0
BRDA:731,82,1,0
BRDA:731,83,0,0
BRDA:731,83,1,0
BRDA:744,84,0,0
BRDA:744,84,1,0
BRDA:747,85,0,0
BRDA:747,85,1,0
BRDA:752,86,0,0
BRDA:752,86,1,0
BRDA:761,87,0,0
BRDA:761,87,1,0
BRDA:764,88,0,0
BRDA:764,88,1,0
BRDA:765,89,0,0
BRDA:765,89,1,0
BRDA:775,90,0,0
BRDA:775,90,1,0
BRDA:775,91,0,0
BRDA:775,91,1,0
BRDA:793,92,0,0
BRDA:794,93,0,0
BRDA:797,94,0,0
BRDA:797,94,1,0
BRDA:802,95,0,0
BRDA:802,95,1,0
BRDA:802,96,0,0
BRDA:802,96,1,0
BRDA:802,96,2,0
BRDA:808,97,0,0
BRDA:808,97,1,0
BRDA:809,98,0,0
BRDA:809,98,1,0
BRDA:809,99,0,0
BRDA:809,99,1,0
BRDA:821,100,0,0
BRDA:821,100,1,0
BRDA:822,101,0,0
BRDA:822,101,1,0
BRDA:823,102,0,0
BRDA:823,102,1,0
BRDA:834,103,0,0
BRDA:834,103,1,0
BRDA:840,104,0,0
BRDA:840,104,1,0
BRDA:843,105,0,0
BRDA:843,105,1,0
BRDA:863,106,0,0
BRDA:863,106,1,0
BRDA:865,107,0,0
BRDA:865,107,1,0
BRDA:882,108,0,0
BRDA:882,108,1,0
BRDA:887,109,0,0
BRDA:887,109,1,0
BRF:221
BRH:0
end_of_record
TN:
SF:src\lib\blog-manifest.ts
FN:121,getBlogPostMetaBySlug
FN:122,(anonymous_1)
FN:125,getAllBlogSlugs
FN:126,(anonymous_3)
FN:129,getSortedBlogPosts
FN:130,(anonymous_5)
FN:136,getRelatedBlogPosts
FN:142,(anonymous_7)
FN:143,(anonymous_8)
FN:145,(anonymous_9)
FN:147,(anonymous_10)
FN:152,(anonymous_11)
FNF:12
FNH:6
FNDA:13,getBlogPostMetaBySlug
FNDA:65,(anonymous_1)
FNDA:1,getAllBlogSlugs
FNDA:9,(anonymous_3)
FNDA:1,getSortedBlogPosts
FNDA:8,(anonymous_5)
FNDA:0,getRelatedBlogPosts
FNDA:0,(anonymous_7)
FNDA:0,(anonymous_8)
FNDA:0,(anonymous_9)
FNDA:0,(anonymous_10)
FNDA:0,(anonymous_11)
DA:17,2
DA:19,2
DA:122,65
DA:126,9
DA:130,8
DA:137,0
DA:138,0
DA:139,0
DA:141,0
DA:142,0
DA:143,0
DA:145,0
DA:148,0
DA:149,0
DA:152,0
LF:15
LH:5
BRDA:130,0,0,0
BRDA:130,0,1,8
BRDA:136,1,0,0
BRDA:138,2,0,0
BRDA:138,2,1,0
BRDA:148,3,0,0
BRDA:148,3,1,0
BRDA:149,4,0,0
BRDA:149,4,1,0
BRF:9
BRH:1
end_of_record
TN:
SF:src\lib\blog.ts
FN:15,resolveFilePath
FN:19,getBlogPostBySlug
FNF:2
FNH:2
FNDA:10,resolveFilePath
FNDA:11,getBlogPostBySlug
DA:13,1
DA:16,10
DA:22,11
DA:23,11
DA:25,10
DA:26,10
DA:27,10
DA:28,10
DA:30,0
DA:31,0
DA:36,0
LF:11
LH:8
BRDA:23,0,0,1
BRDA:23,0,1,10
BRDA:30,1,0,0
BRDA:30,1,1,0
BRF:4
BRH:2
end_of_record
TN:
SF:src\lib\compare-manifest.ts
FN:206,getCompareEntryBySlug
FN:207,(anonymous_1)
FN:210,getAllCompareSlugs
FN:211,(anonymous_3)
FNF:4
FNH:4
FNDA:12,getCompareEntryBySlug
FNDA:64,(anonymous_1)
FNDA:1,getAllCompareSlugs
FNDA:9,(anonymous_3)
DA:12,2
DA:207,64
DA:211,9
LF:3
LH:3
BRF:0
BRH:0
end_of_record
TN:
SF:src\lib\compare.ts
FN:15,getCompareBySlug
FNF:1
FNH:1
FNDA:10,getCompareBySlug
DA:13,1
DA:18,10
DA:19,10
DA:21,9
DA:22,9
DA:23,9
DA:24,9
DA:26,0
DA:27,0
DA:32,0
LF:10
LH:7
BRDA:19,0,0,1
BRDA:19,0,1,9
BRDA:26,1,0,0
BRDA:26,1,1,0
BRF:4
BRH:2
end_of_record
TN:
SF:src\lib\constants.ts
FNF:0
FNH:0
DA:1,0
LF:1
LH:0
BRDA:2,0,0,0
BRDA:2,0,1,0
BRF:2
BRH:0
end_of_record
TN:
SF:src\lib\demo-data.ts
FN:75,buildDemoGeneration
FNF:1
FNH:1
FNDA:2,buildDemoGeneration
DA:3,1
DA:44,1
DA:76,2
DA:78,2
LF:4
LH:4
BRDA:75,0,0,2
BRDA:84,1,0,1
BRDA:84,1,1,1
BRDA:88,2,0,1
BRDA:88,2,1,1
BRF:5
BRH:5
end_of_record
TN:
SF:src\lib\docs-manifest.ts
FNF:0
FNH:0
DA:11,1
DA:22,1
LF:2
LH:2
BRF:0
BRH:0
end_of_record
TN:
SF:src\lib\docs.ts
FN:12,resolveFilePath
FN:16,getDocBySlug
FN:17,(anonymous_2)
FN:36,getAllSlugs
FN:37,(anonymous_4)
FNF:5
FNH:0
FNDA:0,resolveFilePath
FNDA:0,getDocBySlug
FNDA:0,(anonymous_2)
FNDA:0,getAllSlugs
FNDA:0,(anonymous_4)
DA:10,0
DA:13,0
DA:17,0
DA:18,0
DA:20,0
DA:21,0
DA:22,0
DA:23,0
DA:25,0
DA:26,0
DA:32,0
DA:37,0
LF:12
LH:0
BRDA:18,0,0,0
BRDA:18,0,1,0
BRDA:25,1,0,0
BRDA:25,1,1,0
BRF:4
BRH:0
end_of_record
TN:
SF:src\lib\faq-manifest.ts
FN:14,questionToAnchor
FNF:1
FNH:1
FNDA:16,questionToAnchor
DA:15,16
DA:22,1
DA:30,1
LF:3
LH:3
BRF:0
BRH:0
end_of_record
TN:
SF:src\lib\jsonld.ts
FN:3,softwareApplicationJsonLd
FN:15,organizationJsonLd
FN:34,websiteJsonLd
FN:47,pricingProductJsonLd
FN:56,(anonymous_4)
FN:75,blogIndexJsonLd
FN:83,(anonymous_6)
FN:106,blogPostingJsonLd
FN:127,itemListJsonLd
FN:132,(anonymous_9)
FN:144,breadcrumbJsonLd
FN:148,(anonymous_11)
FN:159,faqPageJsonLd
FN:163,(anonymous_13)
FNF:14
FNH:0
FNDA:0,softwareApplicationJsonLd
FNDA:0,organizationJsonLd
FNDA:0,websiteJsonLd
FNDA:0,pricingProductJsonLd
FNDA:0,(anonymous_4)
FNDA:0,blogIndexJsonLd
FNDA:0,(anonymous_6)
FNDA:0,blogPostingJsonLd
FNDA:0,itemListJsonLd
FNDA:0,(anonymous_9)
FNDA:0,breadcrumbJsonLd
FNDA:0,(anonymous_11)
FNDA:0,faqPageJsonLd
FNDA:0,(anonymous_13)
DA:1,0
DA:4,0
DA:16,0
DA:17,0
DA:35,0
DA:48,0
DA:49,0
DA:56,0
DA:76,0
DA:83,0
DA:111,0
DA:128,0
DA:132,0
DA:145,0
DA:148,0
DA:160,0
DA:163,0
LF:17
LH:0
BRDA:117,0,0,0
BRDA:117,0,1,0
BRDA:137,1,0,0
BRDA:137,1,1,0
BRF:4
BRH:0
end_of_record
TN:
SF:src\lib\runtime-config.ts
FN:20,isLikelyValidAnonKey
FN:26,hasPublicSupabaseConfig
FN:48,hasServerSupabaseConfig
FN:54,hasEngineConfig
FN:58,hasStripeConfig
FN:62,getEngineServiceKey
FNF:6
FNH:5
FNDA:3,isLikelyValidAnonKey
FNDA:3,hasPublicSupabaseConfig
FNDA:2,hasServerSupabaseConfig
FNDA:1,hasEngineConfig
FNDA:2,hasStripeConfig
FNDA:0,getEngineServiceKey
DA:2,2
DA:6,2
DA:7,0
DA:14,2
DA:21,3
DA:24,2
DA:27,3
DA:28,3
DA:29,3
DA:30,3
DA:34,2
DA:35,1
DA:36,1
DA:43,2
DA:45,1
DA:49,2
DA:55,1
DA:59,2
DA:63,0
LF:19
LH:17
BRDA:2,0,0,2
BRDA:2,0,1,2
BRDA:2,0,2,2
BRDA:6,1,0,0
BRDA:6,1,1,2
BRDA:6,2,0,2
BRDA:6,2,1,2
BRDA:14,3,0,2
BRDA:14,3,1,2
BRDA:21,4,0,3
BRDA:21,4,1,2
BRDA:21,4,2,2
BRDA:29,5,0,0
BRDA:29,5,1,3
BRDA:30,6,0,2
BRDA:30,6,1,1
BRDA:34,7,0,1
BRDA:34,7,1,1
BRDA:34,8,0,2
BRDA:34,8,1,1
BRDA:50,9,0,2
BRDA:50,9,1,2
BRDA:55,10,0,1
BRDA:55,10,1,0
BRDA:63,11,0,0
BRDA:63,11,1,0
BRF:26
BRH:21
end_of_record
TN:
SF:src\lib\solutions-manifest.ts
FN:483,getSolutionBySlug
FN:484,(anonymous_1)
FN:487,getAllSolutionSlugs
FN:488,(anonymous_3)
FNF:4
FNH:4
FNDA:21,getSolutionBySlug
FNDA:208,(anonymous_1)
FNDA:1,getAllSolutionSlugs
FNDA:18,(anonymous_3)
DA:13,2
DA:484,208
DA:488,18
LF:3
LH:3
BRF:0
BRH:0
end_of_record
TN:
SF:src\lib\solutions.ts
FN:15,getSolutionContentBySlug
FNF:1
FNH:1
FNDA:19,getSolutionContentBySlug
DA:13,1
DA:18,19
DA:19,19
DA:21,18
DA:22,18
DA:23,18
DA:24,18
DA:26,0
DA:27,0
DA:32,0
LF:10
LH:7
BRDA:19,0,0,1
BRDA:19,0,1,18
BRDA:26,1,0,0
BRDA:26,1,1,0
BRF:4
BRH:2
end_of_record
TN:
SF:src\lib\supabase-server.ts
FN:16,createSupabaseServerClient
FN:24,getAll
FN:27,setAll
FN:29,(anonymous_3)
FN:49,getServerUser
FNF:5
FNH:0
FNDA:0,createSupabaseServerClient
FNDA:0,getAll
FNDA:0,setAll
FNDA:0,(anonymous_3)
FNDA:0,getServerUser
DA:17,0
DA:19,0
DA:25,0
DA:28,0
DA:29,0
DA:30,0
DA:50,0
DA:52,0
DA:53,0
DA:56,0
DA:57,0
DA:59,0
LF:12
LH:0
BRDA:50,0,0,0
BRDA:50,0,1,0
BRDA:57,1,0,0
BRDA:57,1,1,0
BRF:4
BRH:0
end_of_record
TN:
SF:src\lib\supabase.ts
FN:31,createServerClient
FNF:1
FNH:0
FNDA:0,createServerClient
DA:6,0
DA:7,0
DA:19,0
DA:32,0
DA:34,0
DA:35,0
DA:36,0
DA:39,0
DA:44,0
LF:9
LH:0
BRDA:19,0,0,0
BRDA:19,0,1,0
BRDA:34,1,0,0
BRDA:34,1,1,0
BRDA:34,2,0,0
BRDA:34,2,1,0
BRDA:35,3,0,0
BRDA:35,3,1,0
BRF:8
BRH:0
end_of_record
TN:
SF:src\lib\types.ts
FNF:0
FNH:0
DA:9,2
DA:250,2
DA:259,2
LF:3
LH:3
BRF:0
BRH:0
end_of_record
TN:
SF:src\lib\utils.ts
FN:4,cn
FNF:1
FNH:1
FNDA:908,cn
DA:5,908
LF:1
LH:1
BRF:0
BRH:0
end_of_record
TN:
SF:src\lib\hooks\use-dismissable.ts
FN:11,useDismissable
FN:17,(anonymous_1)
FN:21,(anonymous_2)
FN:24,handleKeydown
FN:31,handlePointerDown
FN:42,(anonymous_5)
FNF:6
FNH:6
FNDA:7,useDismissable
FNDA:7,(anonymous_1)
FNDA:7,(anonymous_2)
FNDA:4,handleKeydown
FNDA:2,handlePointerDown
FNDA:6,(anonymous_5)
DA:1,1
DA:16,7
DA:17,7
DA:18,7
DA:21,7
DA:22,7
DA:25,4
DA:26,2
DA:27,2
DA:32,2
DA:36,1
DA:40,6
DA:41,6
DA:42,6
DA:43,6
DA:44,6
LF:16
LH:16
BRDA:14,0,0,7
BRDA:22,1,0,1
BRDA:22,1,1,6
BRDA:25,2,0,2
BRDA:25,2,1,2
BRDA:32,3,0,1
BRDA:32,3,1,1
BRDA:33,4,0,2
BRDA:33,4,1,2
BRDA:41,5,0,4
BRDA:41,5,1,2
BRDA:44,6,0,4
BRDA:44,6,1,2
BRF:13
BRH:13
end_of_record
TN:
SF:src\lib\hooks\use-free-quota.ts
FN:6,useFreeQuota
FN:10,(anonymous_1)
FN:12,(anonymous_2)
FN:13,(anonymous_3)
FNF:4
FNH:4
FNDA:24,useFreeQuota
FNDA:9,(anonymous_1)
FNDA:7,(anonymous_2)
FNDA:1,(anonymous_3)
DA:1,2
DA:7,24
DA:8,24
DA:10,24
DA:11,9
DA:12,7
DA:13,1
DA:16,24
LF:8
LH:8
BRF:0
BRH:0
end_of_record
TN:
SF:src\lib\hooks\use-generation-realtime.ts
FN:36,useGenerationRealtime
FN:48,(anonymous_1)
FN:52,(anonymous_2)
FN:61,(anonymous_3)
FN:70,(anonymous_4)
FN:73,(anonymous_5)
FN:76,(anonymous_6)
FN:86,(anonymous_7)
FN:88,(anonymous_8)
FN:96,(anonymous_9)
FN:103,(anonymous_10)
FN:108,(anonymous_11)
FN:126,(anonymous_12)
FN:138,(anonymous_13)
FNF:14
FNH:14
FNDA:8,useGenerationRealtime
FNDA:8,(anonymous_1)
FNDA:6,(anonymous_2)
FNDA:5,(anonymous_3)
FNDA:1,(anonymous_4)
FNDA:1,(anonymous_5)
FNDA:7,(anonymous_6)
FNDA:1,(anonymous_7)
FNDA:1,(anonymous_8)
FNDA:5,(anonymous_9)
FNDA:1,(anonymous_10)
FNDA:3,(anonymous_11)
FNDA:1,(anonymous_12)
FNDA:4,(anonymous_13)
DA:1,1
DA:20,1
DA:21,1
DA:45,8
DA:47,8
DA:48,8
DA:49,8
DA:52,8
DA:53,6
DA:55,5
DA:56,5
DA:57,5
DA:58,5
DA:59,5
DA:61,5
DA:62,5
DA:63,5
DA:64,5
DA:70,5
DA:71,1
DA:72,1
DA:73,1
DA:76,5
DA:77,7
DA:78,2
DA:79,2
DA:85,5
DA:86,1
DA:87,1
DA:88,1
DA:89,1
DA:90,1
DA:94,4
DA:96,4
DA:97,5
DA:99,5
DA:105,1
DA:109,3
DA:111,3
DA:112,2
DA:113,2
DA:114,2
DA:115,2
DA:116,2
DA:119,1
DA:122,1
DA:123,1
DA:124,1
DA:125,1
DA:126,1
DA:127,1
DA:128,1
DA:130,1
DA:136,4
DA:138,4
DA:139,4
DA:140,4
DA:141,4
DA:142,4
DA:147,8
DA:149,8
LF:61
LH:61
BRDA:38,0,0,8
BRDA:40,1,0,8
BRDA:53,2,0,1
BRDA:53,2,1,5
BRDA:53,3,0,6
BRDA:53,3,1,6
BRDA:64,4,0,5
BRDA:64,4,1,0
BRDA:64,5,0,5
BRDA:64,5,1,5
BRDA:71,6,0,0
BRDA:71,6,1,1
BRDA:71,7,0,1
BRDA:71,7,1,1
BRDA:77,8,0,2
BRDA:77,8,1,5
BRDA:85,9,0,1
BRDA:85,9,1,4
BRDA:97,10,0,0
BRDA:97,10,1,5
BRDA:105,11,0,1
BRDA:105,11,1,0
BRDA:109,12,0,0
BRDA:109,12,1,3
BRDA:111,13,0,2
BRDA:111,13,1,1
BRDA:119,14,0,1
BRDA:119,14,1,0
BRDA:119,15,0,1
BRDA:119,15,1,0
BRDA:119,15,2,0
BRDA:123,16,0,1
BRDA:123,16,1,0
BRDA:125,17,0,1
BRDA:125,17,1,0
BRDA:141,18,0,0
BRDA:141,18,1,4
BRDA:142,19,0,4
BRDA:142,19,1,0
BRDA:147,20,0,1
BRDA:147,20,1,7
BRDA:147,21,0,8
BRDA:147,21,1,8
BRDA:147,22,0,1
BRDA:147,22,1,6
BRF:45
BRH:33
end_of_record
TN:
SF:src\lib\hooks\use-local-storage-draft.ts
FN:58,useLocalStorageDraft
FN:74,(anonymous_1)
FN:87,(anonymous_2)
FN:106,(anonymous_3)
FN:120,(anonymous_4)
FN:127,(anonymous_5)
FN:133,(anonymous_6)
FN:139,(anonymous_7)
FN:148,(anonymous_8)
FN:151,(anonymous_9)
FN:157,(anonymous_10)
FN:163,(anonymous_11)
FN:170,(anonymous_12)
FN:172,(anonymous_13)
FNF:14
FNH:13
FNDA:40,useLocalStorageDraft
FNDA:3,(anonymous_1)
FNDA:17,(anonymous_2)
FNDA:7,(anonymous_3)
FNDA:8,(anonymous_4)
FNDA:35,(anonymous_5)
FNDA:2,(anonymous_6)
FNDA:26,(anonymous_7)
FNDA:17,(anonymous_8)
FNDA:1,(anonymous_9)
FNDA:0,(anonymous_10)
FNDA:17,(anonymous_11)
FNDA:1,(anonymous_12)
FNDA:2,(anonymous_13)
DA:1,2
DA:41,2
DA:63,40
DA:65,40
DA:66,40
DA:67,40
DA:70,40
DA:71,40
DA:72,40
DA:74,40
DA:76,3
DA:77,3
DA:78,3
DA:87,40
DA:88,17
DA:89,17
DA:91,17
DA:92,17
DA:93,17
DA:94,17
DA:96,10
DA:97,10
DA:98,10
DA:99,2
DA:100,2
DA:103,7
DA:106,17
DA:107,7
DA:108,7
DA:109,7
DA:110,7
DA:114,1
DA:115,1
DA:120,8
DA:121,8
DA:127,40
DA:128,35
DA:129,35
DA:130,35
DA:132,26
DA:133,26
DA:134,2
DA:135,2
DA:136,2
DA:139,26
DA:140,26
DA:141,22
DA:142,22
DA:148,40
DA:149,17
DA:151,17
DA:152,1
DA:153,1
DA:154,1
DA:155,1
DA:157,17
DA:158,0
DA:161,17
DA:162,17
DA:163,17
DA:164,17
DA:165,17
DA:170,40
DA:172,40
DA:173,2
DA:174,2
DA:179,2
DA:180,2
DA:181,2
DA:183,2
DA:184,2
DA:187,40
LF:72
LH:71
BRDA:63,0,0,40
BRDA:63,1,0,40
BRDA:63,2,0,40
BRDA:88,3,0,0
BRDA:88,3,1,17
BRDA:88,4,0,17
BRDA:88,4,1,17
BRDA:94,5,0,7
BRDA:94,5,1,10
BRDA:98,6,0,2
BRDA:98,6,1,8
BRDA:98,7,0,10
BRDA:98,7,1,8
BRDA:103,8,0,4
BRDA:103,8,1,3
BRDA:107,9,0,0
BRDA:107,9,1,7
BRDA:129,10,0,0
BRDA:129,10,1,35
BRDA:130,11,0,9
BRDA:130,11,1,26
BRDA:132,12,0,0
BRDA:132,12,1,26
BRDA:140,13,0,22
BRDA:140,13,1,4
BRDA:149,14,0,0
BRDA:149,14,1,17
BRDA:152,15,0,0
BRDA:152,15,1,1
BRDA:153,16,0,0
BRDA:153,16,1,1
BRDA:158,17,0,0
BRDA:158,17,1,0
BRDA:179,18,0,2
BRDA:179,18,1,0
BRF:35
BRH:25
end_of_record
