<testsuites id="" name="" tests="3" failures="1" skipped="0" errors="0" time="60.160028">
<testsuite name="integration/dashboard.spec.ts" timestamp="2026-04-08T07:30:03.816Z" hostname="chromium" tests="2" failures="1" skipped="0" time="38.797" errors="0">
<testcase name="Integration: Auth and Generation Routing › dashboard redirects anonymous users to login with returnTo" classname="integration/dashboard.spec.ts" time="3.55">
</testcase>
<testcase name="Integration: Auth and Generation Routing › unknown generation renders not-found state in non-demo mode" classname="integration/dashboard.spec.ts" time="35.247">
<system-out>
<![CDATA[
[[ATTACHMENT|../test-results/integration-dashboard-Inte-25f2b-ound-state-in-non-demo-mode-chromium/test-failed-1.png]]

[[ATTACHMENT|../test-results/integration-dashboard-Inte-25f2b-ound-state-in-non-demo-mode-chromium/error-context.md]]

[[ATTACHMENT|../test-results/integration-dashboard-Inte-25f2b-ound-state-in-non-demo-mode-chromium-retry1/test-failed-1.png]]

[[ATTACHMENT|../test-results/integration-dashboard-Inte-25f2b-ound-state-in-non-demo-mode-chromium-retry1/video.webm]]

[[ATTACHMENT|../test-results/integration-dashboard-Inte-25f2b-ound-state-in-non-demo-mode-chromium-retry1/error-context.md]]

[[ATTACHMENT|../test-results/integration-dashboard-Inte-25f2b-ound-state-in-non-demo-mode-chromium-retry1/trace.zip]]

[[ATTACHMENT|../test-results/integration-dashboard-Inte-25f2b-ound-state-in-non-demo-mode-chromium-retry2/test-failed-1.png]]

[[ATTACHMENT|../test-results/integration-dashboard-Inte-25f2b-ound-state-in-non-demo-mode-chromium-retry2/error-context.md]]
]]>
</system-out>
<failure message="expect(locator).toBeVisible() failed" type="expect.toBeVisible">
<![CDATA[  [chromium] › integration/dashboard.spec.ts:10:7 › Integration: Auth and Generation Routing › unknown generation renders not-found state in non-demo mode 

    Error: expect(locator).toBeVisible() failed

    Locator: getByTestId('generate-not-found-heading')
    Expected: visible
    Timeout: 10000ms
    Error: element(s) not found

    Call log:
      - Expect "toBeVisible" with timeout 10000ms
      - waiting for getByTestId('generate-not-found-heading')


      11 |     await page.goto("/generate/does-not-exist");
      12 |
    > 13 |     await expect(page.getByTestId("generate-not-found-heading")).toBeVisible();
         |                                                                  ^
      14 |     await expect(page.getByTestId("generate-not-found-start-link")).toBeVisible();
      15 |   });
      16 | });
        at /home/runner/work/StackAlchemist/StackAlchemist/src/StackAlchemist.Web/e2e/integration/dashboard.spec.ts:13:66

    attachment #1: screenshot (image/png) ──────────────────────────────────────────────────────────
    ../test-results/integration-dashboard-Inte-25f2b-ound-state-in-non-demo-mode-chromium/test-failed-1.png
    ────────────────────────────────────────────────────────────────────────────────────────────────

    Error Context: ../test-results/integration-dashboard-Inte-25f2b-ound-state-in-non-demo-mode-chromium/error-context.md

    Retry #1 ───────────────────────────────────────────────────────────────────────────────────────

    Error: expect(locator).toBeVisible() failed

    Locator: getByTestId('generate-not-found-heading')
    Expected: visible
    Timeout: 10000ms
    Error: element(s) not found

    Call log:
      - Expect "toBeVisible" with timeout 10000ms
      - waiting for getByTestId('generate-not-found-heading')


      11 |     await page.goto("/generate/does-not-exist");
      12 |
    > 13 |     await expect(page.getByTestId("generate-not-found-heading")).toBeVisible();
         |                                                                  ^
      14 |     await expect(page.getByTestId("generate-not-found-start-link")).toBeVisible();
      15 |   });
      16 | });
        at /home/runner/work/StackAlchemist/StackAlchemist/src/StackAlchemist.Web/e2e/integration/dashboard.spec.ts:13:66

    attachment #1: screenshot (image/png) ──────────────────────────────────────────────────────────
    ../test-results/integration-dashboard-Inte-25f2b-ound-state-in-non-demo-mode-chromium-retry1/test-failed-1.png
    ────────────────────────────────────────────────────────────────────────────────────────────────

    attachment #2: video (video/webm) ──────────────────────────────────────────────────────────────
    ../test-results/integration-dashboard-Inte-25f2b-ound-state-in-non-demo-mode-chromium-retry1/video.webm
    ────────────────────────────────────────────────────────────────────────────────────────────────

    Error Context: ../test-results/integration-dashboard-Inte-25f2b-ound-state-in-non-demo-mode-chromium-retry1/error-context.md

    attachment #4: trace (application/zip) ─────────────────────────────────────────────────────────
    ../test-results/integration-dashboard-Inte-25f2b-ound-state-in-non-demo-mode-chromium-retry1/trace.zip
    Usage:

        pnpm exec playwright show-trace ../test-results/integration-dashboard-Inte-25f2b-ound-state-in-non-demo-mode-chromium-retry1/trace.zip

    ────────────────────────────────────────────────────────────────────────────────────────────────

    Retry #2 ───────────────────────────────────────────────────────────────────────────────────────

    Error: expect(locator).toBeVisible() failed

    Locator: getByTestId('generate-not-found-heading')
    Expected: visible
    Timeout: 10000ms
    Error: element(s) not found

    Call log:
      - Expect "toBeVisible" with timeout 10000ms
      - waiting for getByTestId('generate-not-found-heading')


      11 |     await page.goto("/generate/does-not-exist");
      12 |
    > 13 |     await expect(page.getByTestId("generate-not-found-heading")).toBeVisible();
         |                                                                  ^
      14 |     await expect(page.getByTestId("generate-not-found-start-link")).toBeVisible();
      15 |   });
      16 | });
        at /home/runner/work/StackAlchemist/StackAlchemist/src/StackAlchemist.Web/e2e/integration/dashboard.spec.ts:13:66

    attachment #1: screenshot (image/png) ──────────────────────────────────────────────────────────
    ../test-results/integration-dashboard-Inte-25f2b-ound-state-in-non-demo-mode-chromium-retry2/test-failed-1.png
    ────────────────────────────────────────────────────────────────────────────────────────────────

    Error Context: ../test-results/integration-dashboard-Inte-25f2b-ound-state-in-non-demo-mode-chromium-retry2/error-context.md
]]>
</failure>
</testcase>
</testsuite>
<testsuite name="integration/simple-mode-flow.spec.ts" timestamp="2026-04-08T07:30:03.816Z" hostname="chromium" tests="1" failures="0" skipped="0" time="6.108" errors="0">
<testcase name="Integration: Simple Mode Runtime Path › non-demo run still supports home prompt handoff to simple route" classname="integration/simple-mode-flow.spec.ts" time="6.108">
</testcase>
</testsuite>
</testsuites>